C51 COMPILER V9.00   MAIN                                                                  07/04/2024 16:11:59 PAGE 1   


C51 COMPILER V9.00, COMPILATION OF MODULE MAIN
OBJECT MODULE PLACED IN .\Objects\main.obj
COMPILER INVOKED BY: D:\software\KEIL4\C51\BIN\C51.EXE main.c LARGE BROWSE DEBUG OBJECTEXTEND PRINT(.\Listings\main.lst)
                    - OBJECT(.\Objects\main.obj)

line level    source

   1          #include <STC15F2K60S2.H>
   2          #include "intrins.h"
   3          
   4          sbit Led_Pin = P1^5;    //控制灯的引脚
   5          
   6          #include "intrins.h"
   7          #define WS2812_NUM 45  //灯的数量
   8          
   9          unsigned short G_0=10;//流水灯第一个颜色定义
  10          unsigned short R_0=0;
  11          unsigned short B_0=0;
  12          unsigned short G_1=0;//流水灯第二个颜色定义
  13          unsigned short B_1=10;
  14          unsigned short R_1=0;
  15          unsigned short G_2=0;//流水灯第三个颜色定义
  16          unsigned short B_2=0;
  17          unsigned short R_2=10;
  18          
  19          void GPIO_Init(void)
  20          {
  21   1              P0M1 = 0x00;//设置P0端口模式
  22   1              P0M0 = 0x00;
  23   1              
  24   1              P1M1 = 0x00;//设置P1端口模式
  25   1              P1M0 = 0x00;
  26   1                          
  27   1              P2M1 = 0x00;//设置P2端口模式
  28   1              P2M0 = 0x00;
  29   1                          
  30   1              P3M1 = 0x00;//设置P3端口模式
  31   1              P3M0 = 0x00;
  32   1                          
  33   1              P4M1 = 0x00;//设置P4端口模式
  34   1              P4M0 = 0x00;
  35   1                          
  36   1              P5M1 = 0x00;//设置P5端口模式
  37   1              P5M0 = 0x00;  
  38   1      }
  39          void delay_ms(unsigned int ms)  //@24.000MHz
  40          {
  41   1          unsigned char data i, j;
  42   1          while(ms--){
  43   2              _nop_();
  44   2              i = 24;
  45   2              j = 85;
  46   2          do
  47   2          {
  48   3              while (--j);
  49   3          } while (--i);
  50   2      }
  51   1      }
  52          void Delay75us(void)    //@24.000MHz
  53          {
  54   1          unsigned char data i, j;
C51 COMPILER V9.00   MAIN                                                                  07/04/2024 16:11:59 PAGE 2   

  55   1      
  56   1          i = 2;
  57   1          j = 189;
  58   1          do
  59   1          {
  60   2                  while (--j);
  61   2          } while (--i);
  62   1      }
  63          
  64          void ws2812_writebit1(void){
  65   1          Led_Pin=1;
  66   1          _nop_();_nop_();_nop_();_nop_();_nop_();_nop_();_nop_();_nop_();_nop_();_nop_();_nop_();_nop_();
  67   1          _nop_();_nop_();_nop_();_nop_();_nop_();_nop_();
  68   1          Led_Pin=!Led_Pin;
  69   1      //_nop_();_nop_();_nop_();
  70   1      }
  71          
  72          void ws2812_writebit0(void){
  73   1          Led_Pin=1;
  74   1          _nop_();_nop_();_nop_();_nop_();_nop_();
  75   1          Led_Pin=!Led_Pin;
  76   1          _nop_();_nop_();_nop_();_nop_();_nop_();_nop_();
  77   1          _nop_();_nop_();_nop_();_nop_();
  78   1      }
  79          void ws2812_writecolor(unsigned short dat){
  80   1      //由于STC执行左移或者右移等移位操作耗时太久（2us，无符号短整型都这样），导致时序严重落后，所以用原始的if-e
             -lse代码进行代替
  81   1          if(dat&0x80)
  82   1              ws2812_writebit1();
  83   1          else
  84   1            ws2812_writebit0();
  85   1          if(dat&0x40)
  86   1                   ws2812_writebit1();
  87   1          else
  88   1            ws2812_writebit0();
  89   1          if(dat&0x20)
  90   1                   ws2812_writebit1();
  91   1          else
  92   1            ws2812_writebit0();
  93   1          if(dat&0x10)
  94   1                   ws2812_writebit1();
  95   1          else
  96   1            ws2812_writebit0();
  97   1          if(dat&0x08)
  98   1                   ws2812_writebit1();
  99   1          else
 100   1            ws2812_writebit0();
 101   1          if(dat&0x04)
 102   1                   ws2812_writebit1();
 103   1          else
 104   1            ws2812_writebit0();
 105   1          if(dat&0x02)
 106   1                   ws2812_writebit1();
 107   1          else
 108   1            ws2812_writebit0();
 109   1          if(dat&0x01)
 110   1                   ws2812_writebit1();
 111   1          else
 112   1            ws2812_writebit0();
 113   1      }
 114          void ws2812_writeled(unsigned short green,unsigned short red,unsigned short blue)
 115          {
C51 COMPILER V9.00   MAIN                                                                  07/04/2024 16:11:59 PAGE 3   

 116   1          ws2812_writecolor(green);
 117   1          ws2812_writecolor(red);
 118   1          ws2812_writecolor(blue);
 119   1      }       
 120          void ws2812_rest()
 121          {
 122   1          Led_Pin=0;
 123   1      
 124   1          Delay75us();
 125   1      }
 126          void ws2812_clear()
 127          {
 128   1          static int j=0;
 129   1          for(j=0;j<WS2812_NUM;j++)
 130   1          {
 131   2                  ws2812_writeled(0,0,0);
 132   2          }
 133   1          ws2812_rest();
 134   1          ws2812_rest();
 135   1          ws2812_rest();
 136   1      }
 137          
 138          void WS2812_DIS()
 139          {
 140   1          static int j=0,k=0;
 141   1          int i;
 142   1          j++;
 143   1          j%=WS2812_NUM;
 144   1          if(j==0)k++;if(k>=3)k=0;
 145   1          for(i=0;i<WS2812_NUM;i++)
 146   1          {
 147   2              if(i>j)
 148   2              {
 149   3                  switch (k)
 150   3                  {
 151   4                      case 0:
 152   4                          ws2812_writeled(G_0,R_0,B_0);
 153   4                          break;
 154   4                      case 1:
 155   4                          ws2812_writeled(G_1,R_1,B_1);   
 156   4                          break;
 157   4                      case 2:
 158   4                          ws2812_writeled(G_2,R_2,B_2);
 159   4                          break;
 160   4                      default:
 161   4                          break;
 162   4                  }
 163   3              }
 164   2              else
 165   2              {
 166   3                  switch (k)
 167   3                  {
 168   4                      case 0:
 169   4                          ws2812_writeled(G_1,R_1,B_1);   
 170   4                          break;
 171   4                      case 1:
 172   4                          ws2812_writeled(G_2,R_2,B_2);
 173   4                          break;
 174   4                      case 2:
 175   4                          ws2812_writeled(G_0,R_0,B_0);
 176   4                          break;
 177   4                      default:
C51 COMPILER V9.00   MAIN                                                                  07/04/2024 16:11:59 PAGE 4   

 178   4                          break;
 179   4                  }
 180   3                  
 181   3              }
 182   2                
 183   2          }
 184   1      }
 185          
 186          void main(void)
 187          {
 188   1          GPIO_Init();
 189   1          ws2812_clear();
 190   1          while(1)
 191   1          {
 192   2              WS2812_DIS();
 193   2              delay_ms(50);
 194   2          }
 195   1      }


MODULE INFORMATION:   STATIC OVERLAYABLE
   CODE SIZE        =    558    ----
   CONSTANT SIZE    =   ----    ----
   XDATA SIZE       =     24       2
   PDATA SIZE       =   ----    ----
   DATA SIZE        =   ----       4
   IDATA SIZE       =   ----    ----
   BIT SIZE         =   ----    ----
END OF MODULE INFORMATION.


C51 COMPILATION COMPLETE.  0 WARNING(S),  0 ERROR(S)
