C51 COMPILER V9.00   DELAY                                                                 09/06/2024 11:10:47 PAGE 1   


C51 COMPILER V9.00, COMPILATION OF MODULE DELAY
OBJECT MODULE PLACED IN .\Objects\delay.obj
COMPILER INVOKED BY: D:\software\KEIL4\C51\BIN\C51.EXE delay.c LARGE BROWSE DEBUG OBJECTEXTEND PRINT(.\Listings\delay.ls
                    -t) OBJECT(.\Objects\delay.obj)

line level    source

   1          #include "delay.h"
   2          
   3          void delay_ms(unsigned int xms)         //@11.0592MHz
   4          {
   5   1              unsigned char i, j;
   6   1              while(xms--)
   7   1              {
   8   2                      _nop_();
   9   2                      _nop_();
  10   2                      _nop_();
  11   2                      i = 11;
  12   2                      j = 190;
  13   2                      do
  14   2                      {
  15   3                              while (--j);
  16   3                      } while (--i);
  17   2              }
  18   1      }
  19          
  20          void delay_us(unsigned int xms)         //@11.0592MHz
  21          {
  22   1              while(xms--)
  23   1              {
  24   2                      _nop_();
  25   2                      _nop_();
  26   2                      _nop_();
  27   2              }
  28   1      }


MODULE INFORMATION:   STATIC OVERLAYABLE
   CODE SIZE        =     40    ----
   CONSTANT SIZE    =   ----    ----
   XDATA SIZE       =   ----    ----
   PDATA SIZE       =   ----    ----
   DATA SIZE        =   ----    ----
   IDATA SIZE       =   ----    ----
   BIT SIZE         =   ----    ----
END OF MODULE INFORMATION.


C51 COMPILATION COMPLETE.  0 WARNING(S),  0 ERROR(S)
