C51 COMPILER V9.00   MAIN                                                                  09/06/2024 11:11:40 PAGE 1   


C51 COMPILER V9.00, COMPILATION OF MODULE MAIN
OBJECT MODULE PLACED IN .\Objects\main.obj
COMPILER INVOKED BY: D:\software\KEIL4\C51\BIN\C51.EXE main.c LARGE BROWSE DEBUG OBJECTEXTEND PRINT(.\Listings\main.lst)
                    - OBJECT(.\Objects\main.obj)

line level    source

   1          #include <STC15F2K60S2.H>
   2          #include "rc522.h"
   3          #include "usart.h"
   4          #include "stdio.h"
   5          
   6          unsigned char UI1[20],i=0,statue;
   7          
   8          void GPIO_Init(void)
   9          {
  10   1              P0M1 = 0x00;//设置P0端口模式
  11   1              P0M0 = 0xff;
  12   1              
  13   1              P1M1 = 0x00;//设置P1端口模式
  14   1              P1M0 = 0xff;
  15   1                          
  16   1              P2M1 = 0x00;//设置P2端口模式
  17   1              P2M0 = 0x00;
  18   1                          
  19   1              P3M1 = 0x00;//设置P3端口模式
  20   1              P3M0 = 0x00;
  21   1                          
  22   1              P4M1 = 0x00;//设置P4端口模式
  23   1              P4M0 = 0x00;
  24   1                          
  25   1              P5M1 = 0x00;//设置P5端口模式
  26   1              P5M0 = 0x00;  
  27   1      }
  28          
  29          void main(void)
  30          {
  31   1              GPIO_Init();
  32   1              UartInit();
  33   1              EA = 1;
  34   1              TI = 1;
  35   1              RC522_Init();
  36   1              
  37   1              while(1)
  38   1              {
  39   2                              RC522_Handel();
  40   2              }
  41   1      }


MODULE INFORMATION:   STATIC OVERLAYABLE
   CODE SIZE        =     46    ----
   CONSTANT SIZE    =   ----    ----
   XDATA SIZE       =     22    ----
   PDATA SIZE       =   ----    ----
   DATA SIZE        =   ----    ----
   IDATA SIZE       =   ----    ----
   BIT SIZE         =   ----    ----
END OF MODULE INFORMATION.


C51 COMPILATION COMPLETE.  0 WARNING(S),  0 ERROR(S)
