C51 COMPILER V9.00   USART                                                                 09/06/2024 11:10:46 PAGE 1   


C51 COMPILER V9.00, COMPILATION OF MODULE USART
OBJECT MODULE PLACED IN .\Objects\usart.obj
COMPILER INVOKED BY: D:\software\KEIL4\C51\BIN\C51.EXE usart.c LARGE BROWSE DEBUG OBJECTEXTEND PRINT(.\Listings\usart.ls
                    -t) OBJECT(.\Objects\usart.obj)

line level    source

   1          #include "usart.h"
   2          
   3          bit busy;
   4          
   5          void UartInit(void)             //115200bps@11.0592MHz
   6          {
   7   1              SCON = 0x50;            //8位数据,可变波特率
   8   1              AUXR &= 0xBF;           //定时器时钟12T模式
   9   1              AUXR &= 0xFE;           //串口1选择定时器1为波特率发生器
  10   1              TMOD &= 0x0F;           //设置定时器模式
  11   1              TL1 = 0xFE;                     //设置定时初始值
  12   1              TH1 = 0xFF;                     //设置定时初始值
  13   1              ET1 = 0;                        //禁止定时器中断
  14   1              TR1 = 1;                        //定时器1开始计时
  15   1      }
  16          


MODULE INFORMATION:   STATIC OVERLAYABLE
   CODE SIZE        =     23    ----
   CONSTANT SIZE    =   ----    ----
   XDATA SIZE       =   ----    ----
   PDATA SIZE       =   ----    ----
   DATA SIZE        =   ----    ----
   IDATA SIZE       =   ----    ----
   BIT SIZE         =      1    ----
END OF MODULE INFORMATION.


C51 COMPILATION COMPLETE.  0 WARNING(S),  0 ERROR(S)
