C51 COMPILER V9.00   MAIN                                                                  07/03/2024 10:13:00 PAGE 1   


C51 COMPILER V9.00, COMPILATION OF MODULE MAIN
OBJECT MODULE PLACED IN .\Objects\main.obj
COMPILER INVOKED BY: D:\software\KEIL4\C51\BIN\C51.EXE main.c LARGE BROWSE DEBUG OBJECTEXTEND PRINT(.\Listings\main.lst)
                    - OBJECT(.\Objects\main.obj)

line level    source

   1          #include <STC15F2K60S2.H>
   2          #include <oled.H>
   3          
   4          void main(void)
   5          {
   6   1              OLED_Init();
   7   1              OLED_ShowString(0,0,"123",16);
   8   1              while(1)
   9   1              {
  10   2                      
  11   2              }
  12   1      }


MODULE INFORMATION:   STATIC OVERLAYABLE
   CODE SIZE        =     23    ----
   CONSTANT SIZE    =      4    ----
   XDATA SIZE       =   ----    ----
   PDATA SIZE       =   ----    ----
   DATA SIZE        =   ----    ----
   IDATA SIZE       =   ----    ----
   BIT SIZE         =   ----    ----
END OF MODULE INFORMATION.


C51 COMPILATION COMPLETE.  0 WARNING(S),  0 ERROR(S)
