C51 COMPILER V9.60.7.0   MAIN                                                              07/04/2024 17:06:29 PAGE 1   


C51 COMPILER V9.60.7.0, COMPILATION OF MODULE MAIN
OBJECT MODULE PLACED IN .\Objects\main.obj
COMPILER INVOKED BY: C:\Keil_v5\C51\BIN\C51.EXE main.c LARGE OPTIMIZE(8,SPEED) BROWSE INCDIR(.\LD3320) DEBUG OBJECTEXTEN
                    -D PRINT(.\Listings\main.lst) OBJECT(.\Objects\main.obj)

line level    source

   1          /*
   2          语言指令：   开灯  ->    led1亮
   3                      关灯  ->    LED1灭
   4          
   5          */
   6          
   7          #include "main.h"
   8          #include "LD3320.h"
   9          
  10          void GPIO_Init(void)
  11          {
  12   1              P0M1 = 0x00;//设置P0端口模式
  13   1              P0M0 = 0xff;
  14   1              
  15   1              P1M1 = 0x00;//设置P1端口模式
  16   1              P1M0 = 0x00;
  17   1                          
  18   1              P2M1 = 0x00;//设置P2端口模式
  19   1              P2M0 = 0x00;
  20   1                          
  21   1              P3M1 = 0x00;//设置P3端口模式
  22   1              P3M0 = 0x00;
  23   1                          
  24   1              P4M1 = 0x00;//设置P4端口模式
  25   1              P4M0 = 0x00;
  26   1                          
  27   1              P5M1 = 0x00;//设置P5端口模式
  28   1              P5M0 = 0x00;  
  29   1      }
  30          
  31          
  32          void main()
  33          {
  34   1              GPIO_Init();
  35   1      
  36   1          LD3320_main();
  37   1      }
  38          
  39          


MODULE INFORMATION:   STATIC OVERLAYABLE
   CODE SIZE        =     33    ----
   CONSTANT SIZE    =   ----    ----
   XDATA SIZE       =   ----    ----
   PDATA SIZE       =   ----    ----
   DATA SIZE        =   ----    ----
   IDATA SIZE       =   ----    ----
   BIT SIZE         =   ----    ----
END OF MODULE INFORMATION.


C51 COMPILATION COMPLETE.  0 WARNING(S),  0 ERROR(S)
