C51 COMPILER V9.60.7.0   REG_RW                                                            07/03/2024 16:22:32 PAGE 1   


C51 COMPILER V9.60.7.0, COMPILATION OF MODULE REG_RW
OBJECT MODULE PLACED IN .\Objects\Reg_RW.obj
COMPILER INVOKED BY: C:\Keil_v5\C51\BIN\C51.EXE LD3320\Reg_RW.c LARGE OPTIMIZE(8,SPEED) BROWSE INCDIR(.\LCD;.\LD3320) DE
                    -BUG OBJECTEXTEND PRINT(.\Listings\Reg_RW.lst) OBJECT(.\Objects\Reg_RW.obj)

line level    source

   1          #include "Reg_RW.h"
   2          #include "LDChip.h"
   3          #include "main.h"
   4          
   5          //软件模拟SPI方式读写
   6          #define DELAY_NOP       _nop_();_nop_();_nop_();_nop_();
   7          
   8          void LD_WriteReg(unsigned char address,unsigned char dataout)
   9          {
  10   1              unsigned char i = 0;
  11   1              unsigned char command=0x04;
  12   1      //      SPIS =0;
  13   1              SCS = 0;
  14   1              DELAY_NOP;
  15   1      
  16   1              //write command
  17   1              for (i=0;i < 8; i++)
  18   1              {
  19   2                      if ((command & 0x80) == 0x80) 
  20   2                              SDI = 1;
  21   2                      else
  22   2                              SDI = 0;
  23   2                      
  24   2                      DELAY_NOP;
  25   2                      SDCK = 0;
  26   2                      command = (command << 1);  
  27   2                      DELAY_NOP;
  28   2                      SDCK = 1;  
  29   2              }
  30   1              //write address
  31   1              for (i=0;i < 8; i++)
  32   1              {
  33   2                      if ((address & 0x80) == 0x80) 
  34   2                              SDI = 1;
  35   2                      else
  36   2                              SDI = 0;
  37   2                      DELAY_NOP;
  38   2                      SDCK = 0;
  39   2                      address = (address << 1); 
  40   2                      DELAY_NOP;
  41   2                      SDCK = 1;  
  42   2              }
  43   1              //write data
  44   1              for (i=0;i < 8; i++)
  45   1              {
  46   2                      if ((dataout & 0x80) == 0x80) 
  47   2                              SDI = 1;
  48   2                      else
  49   2                              SDI = 0;
  50   2                      DELAY_NOP;
  51   2                      SDCK = 0;
  52   2                      dataout = (dataout << 1); 
  53   2                      DELAY_NOP;
  54   2                      SDCK = 1;  
C51 COMPILER V9.60.7.0   REG_RW                                                            07/03/2024 16:22:32 PAGE 2   

  55   2              }
  56   1              DELAY_NOP;
  57   1              SCS = 1;
  58   1      }
  59          
  60          unsigned char LD_ReadReg(unsigned char address)
  61          {
  62   1              unsigned char i = 0; 
  63   1              unsigned char datain =0 ;
  64   1              unsigned char temp = 0; 
  65   1              unsigned char command=0x05;
  66   1      //      SPIS =0;
  67   1              SCS = 0;
  68   1              DELAY_NOP;
  69   1      
  70   1              //write command
  71   1              for (i=0;i < 8; i++)
  72   1              {
  73   2                      if ((command & 0x80) == 0x80) 
  74   2                              SDI = 1;
  75   2                      else
  76   2                              SDI = 0;
  77   2                      DELAY_NOP;
  78   2                      SDCK = 0;
  79   2                      command = (command << 1);  
  80   2                      DELAY_NOP;
  81   2                      SDCK = 1;  
  82   2              }
  83   1      
  84   1              //write address
  85   1              for (i=0;i < 8; i++)
  86   1              {
  87   2                      if ((address & 0x80) == 0x80) 
  88   2                              SDI = 1;
  89   2                      else
  90   2                              SDI = 0;
  91   2                      DELAY_NOP;
  92   2                      SDCK = 0;
  93   2                      address = (address << 1); 
  94   2                      DELAY_NOP;
  95   2                      SDCK = 1;  
  96   2              }
  97   1              DELAY_NOP;
  98   1      
  99   1              //Read
 100   1              for (i=0;i < 8; i++)
 101   1              {
 102   2                      datain = (datain << 1);
 103   2                      temp = SDO;
 104   2                      DELAY_NOP;
 105   2                      SDCK = 0;  
 106   2                      if (temp == 1)  
 107   2                              datain |= 0x01; 
 108   2                      DELAY_NOP;
 109   2                      SDCK = 1;  
 110   2              }
 111   1      
 112   1              DELAY_NOP;
 113   1              SCS = 1;
 114   1              return datain;
 115   1      }
 116          
C51 COMPILER V9.60.7.0   REG_RW                                                            07/03/2024 16:22:32 PAGE 3   



MODULE INFORMATION:   STATIC OVERLAYABLE
   CODE SIZE        =    238    ----
   CONSTANT SIZE    =   ----    ----
   XDATA SIZE       =   ----    ----
   PDATA SIZE       =   ----    ----
   DATA SIZE        =   ----    ----
   IDATA SIZE       =   ----    ----
   BIT SIZE         =   ----    ----
END OF MODULE INFORMATION.


C51 COMPILATION COMPLETE.  0 WARNING(S),  0 ERROR(S)
