C51 COMPILER V9.00   MAIN                                                                  07/03/2024 09:47:10 PAGE 1   


C51 COMPILER V9.00, COMPILATION OF MODULE MAIN
OBJECT MODULE PLACED IN .\Objects\main.obj
COMPILER INVOKED BY: D:\software\KEIL4\C51\BIN\C51.EXE main.c LARGE BROWSE DEBUG OBJECTEXTEND PRINT(.\Listings\main.lst)
                    - OBJECT(.\Objects\main.obj)

line level    source

   1          #include <STC15F2K60S2.H>
   2          #include "intrins.h"
   3          
   4          sbit SER  = P1^7;
   5          sbit SCLK = P1^6;
   6          sbit RCLK = P1^4;
   7          
   8          unsigned char SMG_MG[] = {0xc0,0xf9,0xa4,0xb0,0x99,0x92,0x82,0xf8,0x80,0x90,0x88,0x83,0xc6,0xa1,0x86,0x8e}
             -;
   9          
  10          unsigned int time=0;
  11          
  12          void Delayms(unsigned int xms)          //@11.0592MHz
  13          {
  14   1              unsigned char i, j;
  15   1              while(xms--)
  16   1              {
  17   2                      _nop_();
  18   2                      _nop_();
  19   2                      _nop_();
  20   2                      i = 11;
  21   2                      j = 190;
  22   2                      do
  23   2                      {
  24   3                              while (--j);
  25   3                      } while (--i);
  26   2              }
  27   1      }
  28          void led_out(unsigned char num)
  29          {
  30   1              unsigned char i;
  31   1              for(i=0;i<8;i++)
  32   1              {
  33   2                      if(num & 0x80)
  34   2                      {
  35   3                              SER = 1;
  36   3                      }
  37   2                      else
  38   2                      {
  39   3                              SER = 0;
  40   3                      }
  41   2                      num<<= 1;
  42   2                      SCLK = 0;
  43   2                      SCLK = 1;
  44   2              }
  45   1      }
  46          
  47          void shownum(unsigned int a,unsigned int b,unsigned int c,unsigned int d)
  48          {
  49   1              led_out(SMG_MG[a]);
  50   1              led_out(0xfe);//1111 1110
  51   1              RCLK = 0;
  52   1              RCLK = 1;
  53   1              Delayms(1);
C51 COMPILER V9.00   MAIN                                                                  07/03/2024 09:47:10 PAGE 2   

  54   1              led_out(SMG_MG[b]);
  55   1              led_out(0xfd);//1111 1101
  56   1              RCLK = 0;
  57   1              RCLK = 1;
  58   1              Delayms(1);
  59   1              led_out(SMG_MG[c]);
  60   1              led_out(0xfb);//1111 1011
  61   1              RCLK = 0;
  62   1              RCLK = 1;
  63   1              Delayms(1);
  64   1              led_out(SMG_MG[d]);
  65   1              led_out(0xf7);//1111 0111
  66   1              RCLK = 0;
  67   1              RCLK = 1;
  68   1              Delayms(1);
  69   1      }
  70          
  71          void GPIO_Init(void)
  72          {
  73   1              P0M1 = 0x00;//设置P0端口模式
  74   1              P0M0 = 0x00;
  75   1              
  76   1              P1M1 = 0x00;//设置P1端口模式
  77   1              P1M0 = 0x00;
  78   1                          
  79   1              P2M1 = 0x00;//设置P2端口模式
  80   1              P2M0 = 0x00;
  81   1                          
  82   1              P3M1 = 0x00;//设置P3端口模式
  83   1              P3M0 = 0x00;
  84   1                          
  85   1              P4M1 = 0x00;//设置P4端口模式
  86   1              P4M0 = 0x00;
  87   1                          
  88   1              P5M1 = 0x00;//设置P5端口模式
  89   1              P5M0 = 0x00;  
  90   1      }
  91          
  92          void Timer0_Init(void)          //1毫秒@11.0592MHz
  93          {
  94   1              AUXR &= 0x7F;                   //定时器时钟12T模式
  95   1              TMOD &= 0xF0;                   //设置定时器模式
  96   1              TL0 = 0x66;                             //设置定时初始值
  97   1              TH0 = 0xFC;                             //设置定时初始值
  98   1              TF0 = 0;                                //清除TF0标志
  99   1              TR0 = 1;                                //定时器0开始计时
 100   1              ET0 = 1;                                //使能定时器0中断
 101   1      }
 102          
 103          void main(void)
 104          {
 105   1              GPIO_Init();
 106   1              Timer0_Init();
 107   1              EA = 1;
 108   1              while(1)
 109   1              {
 110   2                      shownum(time,time,time,time);
 111   2              }
 112   1      }
 113          
 114          void Timer0_Isr(void) interrupt 1
 115          {
C51 COMPILER V9.00   MAIN                                                                  07/03/2024 09:47:10 PAGE 3   

 116   1              static unsigned int count=0;
 117   1              if(++count>=1000)
 118   1              {
 119   2                      count=0;
 120   2                      if(time++>=9)
 121   2                      {
 122   3                              time=0;
 123   3                      }
 124   2              }
 125   1      }


MODULE INFORMATION:   STATIC OVERLAYABLE
   CODE SIZE        =    315    ----
   CONSTANT SIZE    =   ----    ----
   XDATA SIZE       =     20       8
   PDATA SIZE       =   ----    ----
   DATA SIZE        =   ----    ----
   IDATA SIZE       =   ----    ----
   BIT SIZE         =   ----    ----
END OF MODULE INFORMATION.


C51 COMPILATION COMPLETE.  0 WARNING(S),  0 ERROR(S)
