C51 COMPILER V9.00   MAIN                                                                  07/03/2024 09:31:48 PAGE 1   


C51 COMPILER V9.00, COMPILATION OF MODULE MAIN
OBJECT MODULE PLACED IN .\Objects\main.obj
COMPILER INVOKED BY: D:\software\KEIL4\C51\BIN\C51.EXE main.c LARGE BROWSE DEBUG OBJECTEXTEND PRINT(.\Listings\main.lst)
                    - OBJECT(.\Objects\main.obj)

line level    source

   1          #include <STC15F2K60S2.H>
   2          #include "spi.h"
   3          #include "lcd.h"
   4          #include "lcd_init.h"
   5          
   6          void GPIO_Init(void)
   7          {
   8   1              P0M1 = 0x00;//设置P0端口模式
   9   1              P0M0 = 0x00;
  10   1              
  11   1              P1M1 = 0x00;//设置P1端口模式
  12   1              P1M0 = 0x08;
  13   1                          
  14   1              P2M1 = 0x00;//设置P2端口模式
  15   1              P2M0 = 0x00;
  16   1                          
  17   1              P3M1 = 0x00;//设置P3端口模式
  18   1              P3M0 = 0x00;
  19   1                          
  20   1              P4M1 = 0x00;//设置P4端口模式
  21   1              P4M0 = 0x00;
  22   1                          
  23   1              P5M1 = 0x00;//设置P5端口模式
  24   1              P5M0 = 0x00;  
  25   1      }
  26          
  27          void main(void)
  28          {
  29   1              GPIO_Init();
  30   1              P13 = 0;
  31   1              SPI_Init();
  32   1              LCD_Init();//LCD初始化
  33   1              LCD_Clear1(BLACK);
  34   1              display_printf(60,100,WHITE,BLACK,24,0,"系统启动中");
  35   1              LCD_ShowString(0,220,(u8 *)"  Load and Initialization...",WHITE,BLACK,16,0);
  36   1              LCD_Clear1(BLACK);
  37   1              while(1)
  38   1              {
  39   2                      if(P14==1 ||P15==1 ||P16==1 || P17==1)
  40   2                      {
  41   3                              P13 = 1;
  42   3                      }
  43   2                      else
  44   2                      {
  45   3                              P13 = 0;
  46   3                      }
  47   2                      if(P14==1)
  48   2                      {
  49   3                              LCD_ShowString(100,100,(u8 *)"TOUCH1",WHITE,BLACK,16,0);
  50   3                      }
  51   2                      else if(P15==1)
  52   2                      {
  53   3                              LCD_ShowString(100,100,(u8 *)"TOUCH2",WHITE,BLACK,16,0);
  54   3                      }
C51 COMPILER V9.00   MAIN                                                                  07/03/2024 09:31:48 PAGE 2   

  55   2                      else if(P16==1)
  56   2                      {
  57   3                              LCD_ShowString(100,100,(u8 *)"TOUCH3",WHITE,BLACK,16,0);
  58   3                      }
  59   2                      else if(P17==1)
  60   2                      {
  61   3                              LCD_ShowString(100,100,(u8 *)"TOUCH4",WHITE,BLACK,16,0);
  62   3                      }
  63   2                      else
  64   2                      {
  65   3                              LCD_ShowString(100,100,(u8 *)"      ",WHITE,BLACK,16,0);
  66   3                      }
  67   2              }
  68   1      }


MODULE INFORMATION:   STATIC OVERLAYABLE
   CODE SIZE        =    253    ----
   CONSTANT SIZE    =     75    ----
   XDATA SIZE       =   ----    ----
   PDATA SIZE       =   ----    ----
   DATA SIZE        =   ----    ----
   IDATA SIZE       =   ----    ----
   BIT SIZE         =   ----    ----
END OF MODULE INFORMATION.


C51 COMPILATION COMPLETE.  0 WARNING(S),  0 ERROR(S)
