C51 COMPILER V9.60.7.0   I2C                                                               06/25/2024 15:38:13 PAGE 1   


C51 COMPILER V9.60.7.0, COMPILATION OF MODULE I2C
OBJECT MODULE PLACED IN .\Objects\i2c.obj
COMPILER INVOKED BY: C:\Keil_v5\C51\BIN\C51.EXE i2c.c LARGE OPTIMIZE(8,SPEED) BROWSE INCDIR(.\LCD;.\SHT30) DEBUG OBJECTE
                    -XTEND PRINT(.\Listings\i2c.lst) TABS(2) OBJECT(.\Objects\i2c.obj)

line level    source

   1          #include "i2c.h"
   2          #include "intrins.h"
   3          #include "lcd_init.h"
   4          
   5          
   6          // 延时函数
   7          void delay(unsigned int t) {
   8   1          while (t--);
   9   1      }
  10          
  11          // I2C起始信号
  12          void I2C_Start() {
  13   1          SDA = 1;
  14   1          SCL = 1;
  15   1          _nop_();
  16   1          SDA = 0;
  17   1          _nop_();
  18   1          SCL = 0;
  19   1      }
  20          
  21          // I2C停止信号
  22          void I2C_Stop() {
  23   1          SDA = 0;
  24   1          SCL = 1;
  25   1          _nop_();
  26   1          SDA = 1;
  27   1          _nop_();
  28   1          SCL = 0;
  29   1      }
  30          
  31          // I2C等待应答信号
  32          bit I2C_WaitAck() {
  33   1          bit ack;
  34   1          SDA = 1;
  35   1          _nop_();
  36   1          SCL = 1;
  37   1          _nop_();
  38   1          ack = SDA;
  39   1          SCL = 0;
  40   1          return ack;
  41   1      }
  42          
  43          // I2C发送应答信号
  44          void I2C_SendAck() {
  45   1          SDA = 0; // 将SDA引脚设置为与ack相反的值
  46   1          SCL = 1; // 拉高时钟线
  47   1          _nop_();
  48   1          SCL = 0; // 拉低时钟线
  49   1          SDA = 1;
  50   1      }
  51          
  52          
  53          // I2C发送一个字节
  54          void I2C_SendByte(unsigned char dat) {
C51 COMPILER V9.60.7.0   I2C                                                               06/25/2024 15:38:13 PAGE 2   

  55   1          unsigned char i;
  56   1          for (i = 0; i < 8; i++) {
  57   2              dat <<= 1;
  58   2              SDA = CY;
  59   2              _nop_();
  60   2              SCL = 1;
  61   2              _nop_();
  62   2              SCL = 0;
  63   2          }
  64   1      }
  65          
  66          // I2C接收一个字节
  67          unsigned char I2C_ReceiveByte() {
  68   1          unsigned char i, dat = 0;
  69   1          SDA = 1;
  70   1          for (i = 0; i < 8; i++) {
  71   2              dat <<= 1;
  72   2              SCL = 1;
  73   2              _nop_();
  74   2              dat |= SDA;
  75   2              SCL = 0;
  76   2          }
  77   1          return dat;
  78   1      }
  79          
  80          // 模拟I2C主设备发送数据
  81          void I2C_Master_Transmit(unsigned char device_addr, unsigned char *dat) {
  82   1          I2C_Start();
  83   1          I2C_SendByte(device_addr << 1); // 发送设备地址+写命令
  84   1          if (I2C_WaitAck()) {
  85   2              I2C_Stop();
  86   2              return;
  87   2          }
  88   1      //    I2C_SendByte(dat >> 8); // 发送高8位数据
  89   1          I2C_SendByte(dat[0]);
  90   1          if (I2C_WaitAck()) {
  91   2              I2C_Stop();
  92   2              return;
  93   2          }
  94   1      //    I2C_SendByte(dat & 0xff); // 发送低8位数据
  95   1          I2C_SendByte(dat[1]);
  96   1          if (I2C_WaitAck()) {
  97   2              I2C_Stop();
  98   2              return;
  99   2          }
 100   1          I2C_Stop();
 101   1      }
 102          
 103          // 模拟I2C主设备接收数据
 104          unsigned int I2C_Master_Receive(unsigned char device_addr, unsigned char *data_buffer, unsigned char lengt
             -h) {
 105   1          unsigned char i;
 106   1          I2C_Start();
 107   1          I2C_SendByte((device_addr << 1) + 1); // 发送设备地址+读命令
 108   1          if (I2C_WaitAck()) {
 109   2              I2C_Stop();
 110   2              return 0;
 111   2          }
 112   1          for (i = 0; i < length; i++) {
 113   2              data_buffer[i] = I2C_ReceiveByte();
 114   2              if (i == length - 1) {
 115   3                  I2C_Stop(); // 最后一个字节后发送停止信号
C51 COMPILER V9.60.7.0   I2C                                                               06/25/2024 15:38:13 PAGE 3   

 116   3              } else {
 117   3                  I2C_SendAck(); // 发送应答信号
 118   3              }
 119   2          }
 120   1          return 1;
 121   1      }
 122          


MODULE INFORMATION:   STATIC OVERLAYABLE
   CODE SIZE        =    233    ----
   CONSTANT SIZE    =   ----    ----
   XDATA SIZE       =   ----       5
   PDATA SIZE       =   ----    ----
   DATA SIZE        =   ----    ----
   IDATA SIZE       =   ----    ----
   BIT SIZE         =   ----       1
END OF MODULE INFORMATION.


C51 COMPILATION COMPLETE.  0 WARNING(S),  0 ERROR(S)
