C51 COMPILER V9.60.7.0   MAIN                                                              06/25/2024 17:16:46 PAGE 1   


C51 COMPILER V9.60.7.0, COMPILATION OF MODULE MAIN
OBJECT MODULE PLACED IN .\Objects\main.obj
COMPILER INVOKED BY: C:\Keil_v5\C51\BIN\C51.EXE main.c LARGE OPTIMIZE(8,SPEED) BROWSE INCDIR(.\LCD) DEBUG OBJECTEXTEND P
                    -RINT(.\Listings\main.lst) TABS(2) OBJECT(.\Objects\main.obj)

line level    source

   1          #include "main.h"
   2          #include "spi.h"
   3          #include "lcd.h"
   4          #include "lcd_init.h"
   5          #include "stdio.h"
   6          
   7          u16 dj_state=0;
   8          
   9          void GPIO_Init(void)
  10          {
  11   1        P0M1 = 0x00;//设置P0端口模式
  12   1        P0M0 = 0xff;
  13   1        
  14   1        P1M1 = 0x00;//设置P1端口模式
  15   1        P1M0 = 0x00;
  16   1                    
  17   1        P2M1 = 0x00;//设置P2端口模式
  18   1        P2M0 = 0x60;
  19   1                    
  20   1        P3M1 = 0x00;//设置P3端口模式
  21   1        P3M0 = 0x00;
  22   1                    
  23   1        P4M1 = 0x00;//设置P4端口模式
  24   1        P4M0 = 0x00;
  25   1                    
  26   1        P5M1 = 0x00;//设置P5端口模式
  27   1        P5M0 = 0x00;  
  28   1      }
  29          
  30          void Timer0_Init(void)    //1毫秒@11.0592MHz
  31          {
  32   1        AUXR &= 0x7F;     //定时器时钟12T模式
  33   1        TMOD &= 0xF0;     //设置定时器模式
  34   1        TL0 = 0x66;       //设置定时初始值
  35   1        TH0 = 0xFC;       //设置定时初始值
  36   1        TF0 = 0;        //清除TF0标志
  37   1        TR0 = 0;        //定时器0停止计时
  38   1        ET0 = 1;        //使能定时器0中断
  39   1      }
  40          
  41          void Uart1Init(void)    //9600bps@11.0592MHz
  42          {
  43   1        SCON = 0x50;    //8位数据,可变波特率
  44   1        AUXR &= 0xBF;   //定时器时钟12T模式
  45   1        AUXR &= 0xFE;   //串口1选择定时器1为波特率发生器
  46   1        TMOD &= 0x0F;   //设置定时器模式
  47   1        TL1 = 0xE8;     //设置定时初始值
  48   1        TH1 = 0xFF;     //设置定时初始值
  49   1        ET1 = 0;      //禁止定时器中断
  50   1        TR1 = 1;      //定时器1开始计时
  51   1      //  ES = 1;
  52   1        TI=1;
  53   1      } 
  54          
C51 COMPILER V9.60.7.0   MAIN                                                              06/25/2024 17:16:46 PAGE 2   

  55          //void SendData(u8 dat)
  56          //{
  57          //    SBUF = dat;                 //写数据到UART数据寄存器
  58          //    while (!TI);               //等待前面的数据发送完成
  59          //    TI=0;
  60          //}
  61          
  62          //void SendString(char *s,u8 len)
  63          //{
  64          //  u8 i =0;
  65          //  for(i=0;i<len;i++)
  66          //  {
  67          //    SendData(s[i]);
  68          //  }
  69          //}
  70          
  71          void main()
  72          {
  73   1        GPIO_Init();
  74   1        Timer0_Init();
  75   1        Uart1Init();
  76   1        EA = 1;
  77   1        SPI_Init();
  78   1        LCD_Init();//LCD初始化
  79   1        LCD_Clear1(BLACK);
  80   1        TR0 = 1;        //定时器0开始计时
  81   1        PWMA = 0;PWMB = 0;
  82   1        while(1)
  83   1        {
  84   2          switch (dj_state)
  85   2          {
  86   3            case 0 : display_printf(80,145,GREEN,BLACK,16,0,"正");PWMA = 0;PWMB = 1;
  87   3              break;
  88   3            case 1 : display_printf(80,145,GREEN,BLACK,16,0,"停");PWMA = 0;PWMB = 0;
  89   3              break;
  90   3            case 2 : display_printf(80,145,GREEN,BLACK,16,0,"反");PWMA = 1;PWMB = 0;
  91   3              break;
  92   3            case 3 : display_printf(80,145,GREEN,BLACK,16,0,"停");PWMA = 0;PWMB = 0;
  93   3              break;
  94   3            default:
  95   3              break;
  96   3          }
  97   2          LED1=0;
  98   2        }
  99   1      }
 100          
 101          void Timer0_Isr(void) interrupt 1
 102          {
 103   1        static unsigned int count1 = 0;
 104   1        if (++count1 >= 5000)
 105   1        {
 106   2          LED8 = ~LED8;
 107   2          count1 = 0;
 108   2          if(dj_state++>=4)
 109   2          {
 110   3            dj_state=0;
 111   3          }
 112   2        }
 113   1      }
 114          
 115          
 116          
C51 COMPILER V9.60.7.0   MAIN                                                              06/25/2024 17:16:46 PAGE 3   



MODULE INFORMATION:   STATIC OVERLAYABLE
   CODE SIZE        =    365    ----
   CONSTANT SIZE    =      8    ----
   XDATA SIZE       =      4    ----
   PDATA SIZE       =   ----    ----
   DATA SIZE        =   ----    ----
   IDATA SIZE       =   ----    ----
   BIT SIZE         =   ----    ----
END OF MODULE INFORMATION.


C51 COMPILATION COMPLETE.  0 WARNING(S),  0 ERROR(S)
