C51 COMPILER V9.00   MAIN                                                                  07/03/2024 09:59:47 PAGE 1   


C51 COMPILER V9.00, COMPILATION OF MODULE MAIN
OBJECT MODULE PLACED IN .\Objects\main.obj
COMPILER INVOKED BY: D:\software\KEIL4\C51\BIN\C51.EXE main.c LARGE BROWSE DEBUG OBJECTEXTEND PRINT(.\Listings\main.lst)
                    - OBJECT(.\Objects\main.obj)

line level    source

   1          #include <STC15F2K60S2.H>
   2          #include "spi.h"
   3          #include "lcd.h"
   4          #include "lcd_init.h"
   5          #include "string.h"
   6          #include "stdio.h"
   7          
   8          void GPIO_Init(void)
   9          {
  10   1              P0M1 = 0x00;//设置P0端口模式
  11   1              P0M0 = 0x00;
  12   1              
  13   1              P1M1 = 0x00;//设置P1端口模式
  14   1              P1M0 = 0x00;
  15   1                          
  16   1              P2M1 = 0x00;//设置P2端口模式
  17   1              P2M0 = 0x00;
  18   1                          
  19   1              P3M1 = 0x00;//设置P3端口模式
  20   1              P3M0 = 0x00;
  21   1                          
  22   1              P4M1 = 0x00;//设置P4端口模式
  23   1              P4M0 = 0x00;
  24   1                          
  25   1              P5M1 = 0x00;//设置P5端口模式
  26   1              P5M0 = 0x00;  
  27   1      }
  28          
  29          void Timer0_Init(void)          //1毫秒@11.0592MHz
  30          {
  31   1              AUXR &= 0x7F;                   //定时器时钟12T模式
  32   1              TMOD &= 0xF0;                   //设置定时器模式
  33   1              TL0 = 0x66;                             //设置定时初始值
  34   1              TH0 = 0xFC;                             //设置定时初始值
  35   1              TF0 = 0;                                //清除TF0标志
  36   1              TR0 = 1;                                //定时器0开始计时
  37   1              ET0 = 1;                                //使能定时器0中断
  38   1      }
  39          
  40          void key(void)
  41          {
  42   1              static unsigned int kt=0,kb=0;
  43   1              if(P33==0)
  44   1              {
  45   2                      if(++kt>10 && kb==0)
  46   2                      {
  47   3                              kb=1;
  48   3                              kt=0;
  49   3                              P13 = !P13;
  50   3                              P14 = !P14;
  51   3                      }
  52   2              }
  53   1              else
  54   1              {
C51 COMPILER V9.00   MAIN                                                                  07/03/2024 09:59:47 PAGE 2   

  55   2                      kt=0;
  56   2                      kb=0;
  57   2              }
  58   1      }
  59          
  60          void main(void)
  61          {
  62   1              GPIO_Init();
  63   1              P13=1;
  64   1              P14=0;
  65   1              SPI_Init();
  66   1              LCD_Init();//LCD初始化
  67   1              LCD_Clear1(BLACK);
  68   1              display_printf(60,100,WHITE,BLACK,24,0,"系统启动中");
  69   1              LCD_ShowString(0,220,(u8 *)"  Load and Initialization...",WHITE,BLACK,16,0);
  70   1              LCD_Clear1(BLACK);
  71   1              Timer0_Init();
  72   1              EA=1;
  73   1              while(1)
  74   1              {
  75   2                      if(P13==1 && P14==0)
  76   2                      {
  77   3                              LCD_ShowString(80,100,(u8 *)"fan  off ",WHITE,BLACK,16,0);
  78   3                      }
  79   2                      else if(P13==0 && P14==1)
  80   2                      {
  81   3                              LCD_ShowString(80,100,(u8 *)"fan  on  ",WHITE,BLACK,16,0);
  82   3                      }
  83   2              }
  84   1      }
  85          
  86          void Timer0_Isr(void) interrupt 1
  87          {
  88   1              key();
  89   1      }


MODULE INFORMATION:   STATIC OVERLAYABLE
   CODE SIZE        =    336    ----
   CONSTANT SIZE    =     60    ----
   XDATA SIZE       =      4    ----
   PDATA SIZE       =   ----    ----
   DATA SIZE        =   ----    ----
   IDATA SIZE       =   ----    ----
   BIT SIZE         =   ----    ----
END OF MODULE INFORMATION.


C51 COMPILATION COMPLETE.  0 WARNING(S),  0 ERROR(S)
