C51 COMPILER V9.60.0.0   MAIN                                                              05/10/2024 13:52:39 PAGE 1   


C51 COMPILER V9.60.0.0, COMPILATION OF MODULE MAIN
OBJECT MODULE PLACED IN .\Objects\main.obj
COMPILER INVOKED BY: C:\Keil_v5\C51\BIN\C51.EXE main.c LARGE OPTIMIZE(8,SPEED) BROWSE DEBUG OBJECTEXTEND PRINT(.\Listing
                    -s\main.lst) TABS(2) OBJECT(.\Objects\main.obj)

line level    source

   1          #include <STC15F2K60S2.H>
   2          #include <stdio.H>
   3          
   4          bit busy;
   5          
   6          void SendData(unsigned char dat);
   7          void SendString(char *s);
   8          
   9          void GPIO_Init(void)
  10          {
  11   1        P0M1 = 0x00;//设置P0端口模式
  12   1        P0M0 = 0x00;
  13   1        
  14   1        P1M1 = 0x00;//设置P1端口模式
  15   1        P1M0 = 0x00;
  16   1                    
  17   1        P2M1 = 0x00;//设置P2端口模式
  18   1        P2M0 = 0x00;
  19   1                    
  20   1        P3M1 = 0x00;//设置P3端口模式
  21   1        P3M0 = 0xfc;
  22   1                    
  23   1        P4M1 = 0x00;//设置P4端口模式
  24   1        P4M0 = 0x00;
  25   1                    
  26   1        P5M1 = 0x00;//设置P5端口模式
  27   1        P5M0 = 0x00;  
  28   1        
  29   1      
  30   1      }
  31          
  32          void UartInit(void)   //115200bps@11.0592MHz
  33          {
  34   1        SCON = 0x50;    //8位数据,可变波特率
  35   1        AUXR &= 0xBF;   //定时器时钟12T模式
  36   1        AUXR &= 0xFE;   //串口1选择定时器1为波特率发生器
  37   1        TMOD &= 0x0F;   //设置定时器模式
  38   1        TL1 = 0xFE;     //设置定时初始值
  39   1        TH1 = 0xFF;     //设置定时初始值
  40   1        ET1 = 0;      //禁止定时器中断
  41   1        TR1 = 1;      //定时器1开始计时
  42   1      }
  43          
  44          void main(void)
  45          {
  46   1        GPIO_Init();
  47   1        UartInit();
  48   1        ES = 1;
  49   1        EA = 1;
  50   1        P32=1;
  51   1        while(1)
  52   1        {
  53   2          
  54   2        }
C51 COMPILER V9.60.0.0   MAIN                                                              05/10/2024 13:52:39 PAGE 2   

  55   1      }
  56          
  57          void Uart() interrupt 4
  58          {
  59   1          if (RI)
  60   1          {
  61   2              RI = 0;                 //清除RI位
  62   2              SendData(SBUF);
  63   2          }
  64   1      }
  65          
  66          void SendData(unsigned char dat)
  67          {
  68   1          SBUF = dat;                 //写数据到UART数据寄存器
  69   1          while (!TI);               //等待前面的数据发送完成
  70   1          TI=0;
  71   1      }
  72          
  73          /*----------------------------
  74          发送字符串
  75          ----------------------------*/
  76          void SendString(char *s)
  77          {
  78   1          while (*s)                  //检测字符串结束标志
  79   1          {
  80   2              SendData(*s++);         //发送当前字符
  81   2          }
  82   1      }


MODULE INFORMATION:   STATIC OVERLAYABLE
   CODE SIZE        =    189    ----
   CONSTANT SIZE    =   ----    ----
   XDATA SIZE       =   ----       3
   PDATA SIZE       =   ----    ----
   DATA SIZE        =   ----    ----
   IDATA SIZE       =   ----    ----
   BIT SIZE         =      1    ----
END OF MODULE INFORMATION.


C51 COMPILATION COMPLETE.  0 WARNING(S),  0 ERROR(S)
