C51 COMPILER V9.00   MAIN                                                                  07/02/2024 16:50:42 PAGE 1   


C51 COMPILER V9.00, COMPILATION OF MODULE MAIN
OBJECT MODULE PLACED IN .\Objects\main.obj
COMPILER INVOKED BY: D:\software\KEIL4\C51\BIN\C51.EXE main.c LARGE BROWSE INCDIR(.\UART2;.\ZIGBEE) DEBUG OBJECTEXTEND P
                    -RINT(.\Listings\main.lst) OBJECT(.\Objects\main.obj)

line level    source

   1          #include "main.h"
   2          #include "intrins.h"
   3          #include "uart2.h"
   4          #include "zigbee.H"
   5          
   6          sbit key =P3^3;
   7          extern unsigned char flag_updata; //用于定时发数据，或者定时闪烁工作LED灯
   8          extern unsigned int  time_updata;
   9          void delay(unsigned int t)
  10          {
  11   1              unsigned int i,j;
  12   1              for(i=0;i<t;i++)
  13   1                      for(j=0;j<1000;j++);
  14   1      }
  15          
  16          unsigned char num_gw=3;
  17          unsigned char num_sb=1;
  18          system_zigbee Information={0x1100, 0x1000,0x11};  //ID  IP  CHANNL
  19          system_zigbee Target_zigbee={0x1101, 0x1002,0x11};  //目标zigbee 的 ID  IP  CHANNL
  20          
  21          unsigned char r[]                               ={0xFE,0x05,0x21,0x90,0x00,0x00,0x00,0xFF};//ZigBee设置时返回的数据
  22          unsigned char check_ip[]={0xFE,0x05,0x90,0x21,0x00,0x00,0x01,0xFF};
  23          unsigned char check_id[]={0xFE,0x05,0x90,0x21,0x00,0x00,0x02,0xFF};
  24          unsigned char check_ch[]={0xFE,0x05,0x90,0x21,0x00,0x00,0x03,0xFF};
  25          unsigned char return_ip[2];
  26          unsigned char return_id[2];
  27          unsigned char return_ch=0;
  28          unsigned char s=0;//配置zigbee时的状态机
  29          unsigned char flag_con=0;//如果zigbee有重新设置  要重启
  30          unsigned char flag_zigbee=0;//0:普通的通讯   1：zigbee配置
  31          void check_zigbeeconfig()
  32          {
  33   1              switch (s)
  34   1        {
  35   2              case 0://检查设备IP，若设备IP与工位拨码的值不一致，则重新设置设备IP
  36   2                                      SendDatas(check_ip,sizeof(check_ip));   delay(5000);
  37   2                                      flag_con=0;
  38   2                                      s=1;
  39   2                      break;
  40   2              case 1:
  41   2                                      if(UART_CONFIG.ReceiveComplete==1)
  42   2                                      {
  43   3                                              UART_CONFIG.ReceiveComplete=0;
  44   3                                              if(UART_CONFIG.ReceiveBuff[6]==0x21)
  45   3                                              {
  46   4                                                      return_ip[0]=UART_CONFIG.ReceiveBuff[8];
  47   4                                                      return_ip[1]=UART_CONFIG.ReceiveBuff[7];
  48   4                                                      if((return_ip[0]!=0x10)||(return_ip[1]!=num_gw))
  49   4                                                      {
  50   5                                                              Information.zigbee_ip=0x1000+num_gw;
  51   5                                                              changeIP(Information.zigbee_ip); delay(1000);
  52   5                                                              flag_con=1;
  53   5                                                      }
  54   4                                                      s=2;
C51 COMPILER V9.00   MAIN                                                                  07/02/2024 16:50:42 PAGE 2   

  55   4                                              }
  56   3                                              else 
  57   3                                                      s=0;
  58   3                                      }
  59   2                      break;
  60   2                      case 2://检查ID号，若ID号与设备拨码的值不一致，则重新设置ID
  61   2                                      SendDatas(check_id,sizeof(check_id));   delay(1000);
  62   2                                      s=3;
  63   2                      break;
  64   2              case 3:
  65   2                                      if(UART_CONFIG.ReceiveComplete==1)
  66   2                                      {
  67   3                                              UART_CONFIG.ReceiveComplete=0;
  68   3                                              if(UART_CONFIG.ReceiveBuff[6]==0x22)
  69   3                                              {
  70   4                                                      return_id[0]=UART_CONFIG.ReceiveBuff[8];
  71   4                                                      return_id[1]=UART_CONFIG.ReceiveBuff[7];
  72   4                                                      if((return_id[0]!=0x11)||(return_id[1]!=num_sb))
  73   4                                                      {
  74   5                                                              Information.zigbee_id=0x1100+num_sb;
  75   5                                                              changeID(Information.zigbee_id); delay(1000);
  76   5                                                              flag_con=1;
  77   5                                                      }
  78   4                                                      s=4;
  79   4                                              }
  80   3                                              else 
  81   3                                                      s=2;
  82   3                                      }
  83   2                      break;
  84   2                      case 4:
  85   2                                      SendDatas(check_ch,sizeof(check_ch));   delay(1000);
  86   2                                      s=5;
  87   2                      break;
  88   2              case 5:
  89   2                                      if(UART_CONFIG.ReceiveComplete==1)
  90   2                                      {
  91   3                                              UART_CONFIG.ReceiveComplete=0;
  92   3                                              if(UART_CONFIG.ReceiveBuff[6]==0x23)
  93   3                                              {
  94   4                                                      return_ch=UART_CONFIG.ReceiveBuff[7];
  95   4                                                      if(Information.zigbee_channel!=return_ch)
  96   4                                                      {
  97   5                                                              changeCHANNEL(Information.zigbee_channel); delay(1000);
  98   5                                                              flag_con=1;
  99   5                                                      }
 100   4                                                      s=6;
 101   4                                              }
 102   3                                              else 
 103   3                                                      s=4;
 104   3                                      }
 105   2                      break;
 106   2                      case 6:
 107   2                                      if(flag_con==1)
 108   2                                      {
 109   3                                              flag_con=0;
 110   3                                              cq();
 111   3                                              delay(1000);
 112   3                                      }
 113   2                                      flag_zigbee=0;
 114   2                                      s=0;
 115   2                                      LED2 = 0;
 116   2                      break;          
C51 COMPILER V9.00   MAIN                                                                  07/02/2024 16:50:42 PAGE 3   

 117   2              default:
 118   2                      break;
 119   2        }
 120   1      }
 121          void zigbee_config()
 122          { 
 123   1              if(flag_zigbee==1)//配置参数
 124   1              {
 125   2                      check_zigbeeconfig();
 126   2              }
 127   1              else if(flag_zigbee==0)//接收数据
 128   1              {
 129   2                      if(UART_CONFIG.ReceiveComplete==1)
 130   2                      {
 131   3                              UART_CONFIG.ReceiveComplete=0;
 132   3                              switch (UART_CONFIG.ReceiveBuff[2])
 133   3            {
 134   4              case 0xA0://读取数据
 135   4                                                      LED3 = ~LED3;
 136   4                      break;
 137   4              
 138   4              default:
 139   4                      break;
 140   4            }
 141   3      
 142   3                      }
 143   2              }
 144   1      }
 145          
 146          void led()
 147          {
 148   1              if(flag_updata==1)
 149   1              {
 150   2                      flag_updata=0;
 151   2                      LED1 = ~LED1;
 152   2      
 153   2              }
 154   1      }
 155          
 156          void main()
 157          {
 158   1              unsigned char flag_key=0;
 159   1              unsigned char data_cmd[]={0x00,0x01};
 160   1              P0M0 = 0x00;
 161   1              P0M1 = 0x00;
 162   1              P1M0 = 0x00;
 163   1              P1M1 = 0x00;
 164   1              P2M0 = 0x00;
 165   1              P2M1 = 0x00;
 166   1              P3M0 = 0x00;
 167   1              P3M1 = 0x00;
 168   1              P4M0 = 0x00;
 169   1              P4M1 = 0x00;
 170   1              P5M0 = 0x00;
 171   1              P5M1 = 0x00;
 172   1              P6M0 = 0x00;
 173   1              P6M1 = 0x00;
 174   1              P7M0 = 0x00;
 175   1              P7M1 = 0x00;
 176   1      
 177   1              init_uart2();
 178   1              init_time0();
C51 COMPILER V9.00   MAIN                                                                  07/02/2024 16:50:42 PAGE 4   

 179   1              
 180   1              flag_zigbee=1;
 181   1              
 182   1      
 183   1              while(1)
 184   1              {
 185   2                      led();
 186   2                      zigbee_config();
 187   2                      
 188   2                      if(key == 0 && flag_key==0)
 189   2                      {
 190   3                              delay(10);
 191   3                              if(key == 0)
 192   3                              {
 193   4                                      flag_key=1;
 194   4                                      
 195   4                                      LED4 = ~LED4;
 196   4                                      sendmessage(0xa0,Target_zigbee.zigbee_ip,data_cmd,2);
 197   4                              }
 198   3                      }
 199   2                      else if(key == 1)
 200   2                      {
 201   3                              flag_key=0;
 202   3                      }
 203   2              }
 204   1      }


MODULE INFORMATION:   STATIC OVERLAYABLE
   CODE SIZE        =    598    ----
   CONSTANT SIZE    =      2    ----
   XDATA SIZE       =     52       3
   PDATA SIZE       =   ----    ----
   DATA SIZE        =   ----    ----
   IDATA SIZE       =   ----    ----
   BIT SIZE         =   ----    ----
END OF MODULE INFORMATION.


C51 COMPILATION COMPLETE.  0 WARNING(S),  0 ERROR(S)
