C51 COMPILER V9.60.7.0   MAIN                                                              06/25/2024 17:45:06 PAGE 1   


C51 COMPILER V9.60.7.0, COMPILATION OF MODULE MAIN
OBJECT MODULE PLACED IN .\Objects\main.obj
COMPILER INVOKED BY: C:\Keil_v5\C51\BIN\C51.EXE main.c LARGE OPTIMIZE(8,SPEED) BROWSE DEBUG OBJECTEXTEND PRINT(.\Listing
                    -s\main.lst) TABS(2) OBJECT(.\Objects\main.obj)

line level    source

   1          #include <STC15F2K60S2.H>
   2          #include <tm1650.H>
   3          
   4          void GPIO_Init(void)
   5          {
   6   1        P0M1 = 0x00;//设置P0端口模式
   7   1        P0M0 = 0x00;
   8   1        
   9   1        P1M1 = 0x00;//设置P1端口模式
  10   1        P1M0 = 0x00;
  11   1                    
  12   1        P2M1 = 0x00;//设置P2端口模式
  13   1        P2M0 = 0x00;
  14   1                    
  15   1        P3M1 = 0x00;//设置P3端口模式
  16   1        P3M0 = 0x00;
  17   1                    
  18   1        P4M1 = 0x00;//设置P4端口模式
  19   1        P4M0 = 0x00;
  20   1                    
  21   1        P5M1 = 0x00;//设置P5端口模式
  22   1        P5M0 = 0x00;  
  23   1      }
  24          
  25          void main(void)
  26          {
  27   1        GPIO_Init();
  28   1        TM_Init();
  29   1        while(1)
  30   1        {
  31   2          Read_TM();
  32   2        }
  33   1      }


MODULE INFORMATION:   STATIC OVERLAYABLE
   CODE SIZE        =     37    ----
   CONSTANT SIZE    =   ----    ----
   XDATA SIZE       =   ----    ----
   PDATA SIZE       =   ----    ----
   DATA SIZE        =   ----    ----
   IDATA SIZE       =   ----    ----
   BIT SIZE         =   ----    ----
END OF MODULE INFORMATION.


C51 COMPILATION COMPLETE.  0 WARNING(S),  0 ERROR(S)
