C51 COMPILER V9.00   MAIN                                                                  07/03/2024 10:11:06 PAGE 1   


C51 COMPILER V9.00, COMPILATION OF MODULE MAIN
OBJECT MODULE PLACED IN .\Objects\main.obj
COMPILER INVOKED BY: D:\software\KEIL4\C51\BIN\C51.EXE main.c LARGE BROWSE DEBUG OBJECTEXTEND PRINT(.\Listings\main.lst)
                    - OBJECT(.\Objects\main.obj)

line level    source

   1          #include <STC15F2K60S2.H>
   2          #include "intrins.h"
   3          #include "spi.h"
   4          #include "lcd.h"
   5          #include "lcd_init.h"
   6          unsigned char mode=0;
   7          
   8          void GPIO_Init(void)
   9          {
  10   1              P0M1 = 0x00;//设置P0端口模式
  11   1              P0M0 = 0x00;
  12   1              
  13   1              P1M1 = 0x00;//设置P1端口模式
  14   1              P1M0 = 0xff;
  15   1                          
  16   1              P2M1 = 0x00;//设置P2端口模式
  17   1              P2M0 = 0x00;
  18   1                          
  19   1              P3M1 = 0x00;//设置P3端口模式
  20   1              P3M0 = 0x00;
  21   1                          
  22   1              P4M1 = 0x00;//设置P4端口模式
  23   1              P4M0 = 0x00;
  24   1                          
  25   1              P5M1 = 0x00;//设置P5端口模式
  26   1              P5M0 = 0x00;  
  27   1      }
  28          
  29          void Timer0_Init(void)          //1毫秒@11.0592MHz
  30          {
  31   1              AUXR &= 0x7F;                   //定时器时钟12T模式
  32   1              TMOD &= 0xF0;                   //设置定时器模式
  33   1              TL0 = 0x66;                             //设置定时初始值
  34   1              TH0 = 0xFC;                             //设置定时初始值
  35   1              TF0 = 0;                                //清除TF0标志
  36   1              TR0 = 1;                                //定时器0开始计时
  37   1              ET0 = 1;                                //使能定时器0中断
  38   1      }
  39          
  40          void Delayms(unsigned int xms)          //@11.0592MHz
  41          {
  42   1              unsigned char i, j;
  43   1              while(xms--)
  44   1              {
  45   2                      _nop_();
  46   2                      _nop_();
  47   2                      _nop_();
  48   2                      i = 11;
  49   2                      j = 190;
  50   2                      do
  51   2                      {
  52   3                              while (--j);
  53   3                      } while (--i);
  54   2              }
C51 COMPILER V9.00   MAIN                                                                  07/03/2024 10:11:06 PAGE 2   

  55   1      }
  56          
  57          
  58          void main(void)
  59          {
  60   1              GPIO_Init();
  61   1              Timer0_Init();
  62   1              EA=1;
  63   1              SPI_Init();
  64   1              LCD_Init();//LCD初始化
  65   1              LCD_Clear1(BLACK);
  66   1              display_printf(60,100,WHITE,BLACK,24,0,"系统启动中");
  67   1              LCD_ShowString(0,220,(u8 *)"  Load and Initialization...",WHITE,BLACK,16,0);
  68   1              LCD_Clear1(BLACK);
  69   1              while(1)
  70   1              {
  71   2                      if(P32==0)
  72   2                      {
  73   3                              mode=1;
  74   3                              P1 = 0xF7;
  75   3                              LCD_ShowString(30,100,"Regurgitant water lamp",WHITE,BLACK,16,0);
  76   3                      }
  77   2                      else if(P33==0)
  78   2                      {
  79   3                              mode=2;
  80   3                              P1 = 0x7F;
  81   3                              LCD_ShowString(30,100,"   Running water lamps     ",WHITE,BLACK,16,0);
  82   3                      }
  83   2                      if(mode==1)
  84   2                      {
  85   3                              if(P1 == 0xF7)
  86   3                              {
  87   4                                      P1 = 0x7F;
  88   4                                      Delayms(300);
  89   4                              }
  90   3                              P1 = P1 >> 1;
  91   3                              P1 |= 0x80;
  92   3                              Delayms(300);
  93   3                      }
  94   2                      else if(mode==2)
  95   2                      {
  96   3                              if(P1 == 0x7F)
  97   3                              {
  98   4                                      P1 = 0xF7;
  99   4                                      Delayms(300);
 100   4                              }
 101   3                              P1 = P1 << 1;
 102   3                              P1 |= 0x01;
 103   3                              Delayms(300);
 104   3                      }
 105   2              }
 106   1      }
 107          
 108          void Timer0_Isr(void) interrupt 1
 109          {
 110   1              
 111   1      }


MODULE INFORMATION:   STATIC OVERLAYABLE
   CODE SIZE        =    307    ----
   CONSTANT SIZE    =     91    ----
C51 COMPILER V9.00   MAIN                                                                  07/03/2024 10:11:06 PAGE 3   

   XDATA SIZE       =      1    ----
   PDATA SIZE       =   ----    ----
   DATA SIZE        =   ----    ----
   IDATA SIZE       =   ----    ----
   BIT SIZE         =   ----    ----
END OF MODULE INFORMATION.


C51 COMPILATION COMPLETE.  0 WARNING(S),  0 ERROR(S)
