C51 COMPILER V9.60.7.0   MAIN                                                              06/25/2024 17:32:14 PAGE 1   


C51 COMPILER V9.60.7.0, COMPILATION OF MODULE MAIN
OBJECT MODULE PLACED IN .\Objects\main.obj
COMPILER INVOKED BY: C:\Keil_v5\C51\BIN\C51.EXE main.c LARGE OPTIMIZE(8,SPEED) BROWSE DEBUG OBJECTEXTEND PRINT(.\Listing
                    -s\main.lst) TABS(2) OBJECT(.\Objects\main.obj)

line level    source

   1          #include <STC15F2K60S2.H>
   2          #include "spi.h"
   3          #include "lcd.h"
   4          #include "lcd_init.h"
   5          #include "string.h"
   6          #include "stdio.h"
   7          
   8          unsigned int jdq=0;
   9          
  10          unsigned char jdqsz[10];
  11          
  12          void GPIO_Init(void)
  13          {
  14   1        P0M1 = 0x00;//设置P0端口模式
  15   1        P0M0 = 0x00;
  16   1        
  17   1        P1M1 = 0x00;//设置P1端口模式
  18   1        P1M0 = 0x00;
  19   1                    
  20   1        P2M1 = 0x00;//设置P2端口模式
  21   1        P2M0 = 0x00;
  22   1                    
  23   1        P3M1 = 0x00;//设置P3端口模式
  24   1        P3M0 = 0x00;
  25   1                    
  26   1        P4M1 = 0x00;//设置P4端口模式
  27   1        P4M0 = 0x00;
  28   1                    
  29   1        P5M1 = 0x00;//设置P5端口模式
  30   1        P5M0 = 0x00;  
  31   1      }
  32          
  33          void Timer0_Init(void)    //1毫秒@11.0592MHz
  34          {
  35   1        AUXR &= 0x7F;     //定时器时钟12T模式
  36   1        TMOD &= 0xF0;     //设置定时器模式
  37   1        TL0 = 0x66;       //设置定时初始值
  38   1        TH0 = 0xFC;       //设置定时初始值
  39   1        TF0 = 0;        //清除TF0标志
  40   1        TR0 = 1;        //定时器0开始计时
  41   1        ET0 = 1;        //使能定时器0中断
  42   1      }
  43          
  44          void key(void)
  45          {
  46   1        static unsigned int kt=0,kb=0;
  47   1        if(P33==0)
  48   1        {
  49   2          if(++kt>10 && kb==0)
  50   2          {
  51   3            kb=1;
  52   3            kt=0;
  53   3            P15 = !P15;
  54   3          }
C51 COMPILER V9.60.7.0   MAIN                                                              06/25/2024 17:32:14 PAGE 2   

  55   2        }
  56   1        else
  57   1        {
  58   2          kt=0;
  59   2          kb=0;
  60   2        }
  61   1      }
  62            
  63          void main(void)
  64          {
  65   1        GPIO_Init();
  66   1        SPI_Init();
  67   1        LCD_Init();//LCD初始化
  68   1        LCD_Clear1(BLACK);
  69   1        display_printf(60,100,WHITE,BLACK,24,0,"系统启动中");
  70   1        LCD_ShowString(0,220,(u8 *)"  Load and Initialization...",WHITE,BLACK,16,0);
  71   1        LCD_Clear1(BLACK);
  72   1        Timer0_Init();
  73   1        EA = 1;
  74   1        while(1)
  75   1        {
  76   2          if(P15 == 0)
  77   2          {
  78   3            jdq = 0;
  79   3          }
  80   2          else
  81   2          {
  82   3            jdq = 1;
  83   3          }
  84   2          sprintf(jdqsz,"state:%d",jdq);
  85   2          LCD_ShowString(80,100,(u8 *)jdqsz,WHITE,BLACK,16,0);
  86   2        }
  87   1      }
  88          
  89          void Timer0_Isr(void) interrupt 1
  90          {
  91   1        key();
  92   1      }


MODULE INFORMATION:   STATIC OVERLAYABLE
   CODE SIZE        =    339    ----
   CONSTANT SIZE    =     49    ----
   XDATA SIZE       =     16    ----
   PDATA SIZE       =   ----    ----
   DATA SIZE        =   ----    ----
   IDATA SIZE       =   ----    ----
   BIT SIZE         =   ----    ----
END OF MODULE INFORMATION.


C51 COMPILATION COMPLETE.  0 WARNING(S),  0 ERROR(S)
