C51 COMPILER V9.00   MAIN                                                                  07/03/2024 09:50:48 PAGE 1   


C51 COMPILER V9.00, COMPILATION OF MODULE MAIN
OBJECT MODULE PLACED IN .\Objects\main.obj
COMPILER INVOKED BY: D:\software\KEIL4\C51\BIN\C51.EXE main.c LARGE BROWSE DEBUG OBJECTEXTEND PRINT(.\Listings\main.lst)
                    - OBJECT(.\Objects\main.obj)

line level    source

   1          #include <STC15F2K60S2.H>
   2          
   3          void GPIO_Init(void)
   4          {
   5   1              P0M1 = 0x00;//设置P0端口模式
   6   1              P0M0 = 0xff;
   7   1              
   8   1              P1M1 = 0x00;//设置P1端口模式
   9   1              P1M0 = 0x00;
  10   1                          
  11   1              P2M1 = 0x00;//设置P2端口模式
  12   1              P2M0 = 0x00;
  13   1                          
  14   1              P3M1 = 0x00;//设置P3端口模式
  15   1              P3M0 = 0x00;
  16   1                          
  17   1              P4M1 = 0x00;//设置P4端口模式
  18   1              P4M0 = 0x00;
  19   1                          
  20   1              P5M1 = 0x00;//设置P5端口模式
  21   1              P5M0 = 0x00;  
  22   1      }
  23          
  24          void main(void)
  25          {
  26   1              GPIO_Init();
  27   1              while(1)
  28   1              {
  29   2                      if(P13==1)
  30   2                      {
  31   3                              P02=0;
  32   3                      }
  33   2                      else if(P13==0)
  34   2                      {
  35   3                              P02=1;
  36   3                      }
  37   2                      if(P14==1)
  38   2                      {
  39   3                              P03=0;
  40   3                      }
  41   2                      else if(P14==0)
  42   2                      {
  43   3                              P03=1;
  44   3                      }
  45   2                      if(P15==1)
  46   2                      {
  47   3                              P04=0;
  48   3                      }
  49   2                      else if(P15==0)
  50   2                      {
  51   3                              P04=1;
  52   3                      }
  53   2                      if(P16==1)
  54   2                      {
C51 COMPILER V9.00   MAIN                                                                  07/03/2024 09:50:48 PAGE 2   

  55   3                              P05=0;
  56   3                      }
  57   2                      else if(P16==0)
  58   2                      {
  59   3                              P05=1;
  60   3                      }
  61   2                      if(P17==1)
  62   2                      {
  63   3                              P06=0;
  64   3                      }
  65   2                      else if(P17==0)
  66   2                      {
  67   3                              P06=1;
  68   3                      }
  69   2              }
  70   1      }


MODULE INFORMATION:   STATIC OVERLAYABLE
   CODE SIZE        =     92    ----
   CONSTANT SIZE    =   ----    ----
   XDATA SIZE       =   ----    ----
   PDATA SIZE       =   ----    ----
   DATA SIZE        =   ----    ----
   IDATA SIZE       =   ----    ----
   BIT SIZE         =   ----    ----
END OF MODULE INFORMATION.


C51 COMPILATION COMPLETE.  0 WARNING(S),  0 ERROR(S)
