C51 COMPILER V9.60.7.0   MAIN                                                              06/28/2024 22:59:47 PAGE 1   


C51 COMPILER V9.60.7.0, COMPILATION OF MODULE MAIN
OBJECT MODULE PLACED IN .\Objects\main.obj
COMPILER INVOKED BY: C:\Keil_v5\C51\BIN\C51.EXE main.c LARGE OPTIMIZE(8,SPEED) BROWSE INCDIR(.\LCD;.\UART2) DEBUG OBJECT
                    -EXTEND PRINT(.\Listings\main.lst) TABS(2) OBJECT(.\Objects\main.obj)

line level    source

   1          #include "main.h"
   2          #include "intrins.h"
   3          #include "spi.h"
   4          #include "lcd.h"
   5          #include "lcd_init.h"
   6          #include "uart2.h"
   7          
   8          extern unsigned char flag_updata; //用于定时发数据，或者定时闪烁工作LED灯
   9          extern unsigned int  time_updata;
  10          
  11          
  12          unsigned char read_co2[]={0xff,0x01,0x86,0x00,0x00,0x00,0x00,0x00,0x79};
  13          
  14          void led()
  15          {
  16   1        if(flag_updata==1)
  17   1        {
  18   2          flag_updata=0;
  19   2          LED1 = ~LED1;
  20   2          SendDatas(read_co2,sizeof(read_co2));
  21   2        }
  22   1      }
  23          unsigned int co2_data=0;
  24          void read_co2_data()
  25          {
  26   1        static unsigned char co2_value_pro=0;
  27   1        static unsigned char cnt1_value=1;
  28   1        if(UART_CONFIG.ReceiveComplete==1)
  29   1        {
  30   2          UART_CONFIG.ReceiveComplete=0;
  31   2          
  32   2          co2_data=UART_CONFIG.ReceiveBuff[2]*256+UART_CONFIG.ReceiveBuff[3];
  33   2          display_printf(80,145,GREEN,BLACK,16,0," %5d",co2_data);
  34   2      
  35   2          LCD_DrawLine(20+(cnt1_value-1),140-co2_value_pro,20+cnt1_value,140-co2_data/50,GREEN);//温度的折线图
  36   2          co2_value_pro=co2_data/50;
  37   2          
  38   2          cnt1_value++;
  39   2          if(cnt1_value>=180)
  40   2          {
  41   3            cnt1_value=1;
  42   3            LCD_Fill( 20,40,200,140,BLACK);//清
  43   3            
  44   3            LCD_DrawLine(20,40,20,140,BROWN);   //坐标轴
  45   3            LCD_DrawLine(20,140,200,140,BROWN);
  46   3          }
  47   2        }
  48   1      }
  49          void main()
  50          {
  51   1          P0M0 = 0x00;
  52   1          P0M1 = 0x00;
  53   1          P1M0 = 0x00;
  54   1          P1M1 = 0x00;
C51 COMPILER V9.60.7.0   MAIN                                                              06/28/2024 22:59:47 PAGE 2   

  55   1          P2M0 = 0x00;
  56   1          P2M1 = 0x00;
  57   1          P3M0 = 0x00;
  58   1          P3M1 = 0x00;
  59   1          P4M0 = 0x00;
  60   1          P4M1 = 0x00;
  61   1          P5M0 = 0x00;
  62   1          P5M1 = 0x00;
  63   1          P6M0 = 0x00;
  64   1          P6M1 = 0x00;
  65   1          P7M0 = 0x00;
  66   1          P7M1 = 0x00;
  67   1      
  68   1          init_uart2();
  69   1          init_time0();
  70   1          
  71   1          
  72   1          SPI_Init();
  73   1      
  74   1          LCD_Init();//LCD初始化
  75   1          LCD_Clear1(BLACK);
  76   1          LCD_DrawLine(20,40,20,140,BROWN);   //坐标轴
  77   1          LCD_DrawLine(20,140,200,140,BROWN);
  78   1      
  79   1          while(1)
  80   1          {
  81   2            led();
  82   2            read_co2_data();
  83   2          }
  84   1      }


MODULE INFORMATION:   STATIC OVERLAYABLE
   CODE SIZE        =    433    ----
   CONSTANT SIZE    =      5    ----
   XDATA SIZE       =     13    ----
   PDATA SIZE       =   ----    ----
   DATA SIZE        =   ----    ----
   IDATA SIZE       =   ----    ----
   BIT SIZE         =   ----    ----
END OF MODULE INFORMATION.


C51 COMPILATION COMPLETE.  0 WARNING(S),  0 ERROR(S)
