C51 COMPILER V9.00   MAIN                                                                  09/06/2024 15:24:15 PAGE 1   


C51 COMPILER V9.00, COMPILATION OF MODULE MAIN
OBJECT MODULE PLACED IN .\Objects\main.obj
COMPILER INVOKED BY: D:\software\KEIL4\C51\BIN\C51.EXE main.c LARGE BROWSE DEBUG OBJECTEXTEND PRINT(.\Listings\main.lst)
                    - OBJECT(.\Objects\main.obj)

line level    source

   1          #include <STC15F2K60S2.H>
   2          //#include "rc522.h"
   3          #include "usart.h"
   4          #include "stdio.h"
   5          #include "delay.h"
   6          #include "string.h"
   7          
   8          //unsigned char UI1[20],i=0,statue;
   9          
  10          void GPIO_Init(void)
  11          {
  12   1              P0M1 = 0x00;//设置P0端口模式
  13   1              P0M0 = 0xff;
  14   1              
  15   1              P1M1 = 0x00;//设置P1端口模式
  16   1              P1M0 = 0xff;
  17   1                          
  18   1              P2M1 = 0x00;//设置P2端口模式
  19   1              P2M0 = 0x00;
  20   1                          
  21   1              P3M1 = 0x00;//设置P3端口模式
  22   1              P3M0 = 0x00;
  23   1                          
  24   1              P4M1 = 0x00;//设置P4端口模式
  25   1              P4M0 = 0x00;
  26   1                          
  27   1              P5M1 = 0x00;//设置P5端口模式
  28   1              P5M0 = 0x00;  
  29   1      }
  30          
  31          void main(void)
  32          {
  33   1              GPIO_Init();
  34   1              UartInit();
  35   1              EA = 1;
  36   1              TI = 1;
  37   1      //      RC522_Init();
  38   1              
  39   1              while(1)
  40   1              {
  41   2      //                      RC522_Handel();
  42   2                              delay_ms(1000);
  43   2                              printf("hello");
  44   2              }
  45   1      }


MODULE INFORMATION:   STATIC OVERLAYABLE
   CODE SIZE        =     56    ----
   CONSTANT SIZE    =      6    ----
   XDATA SIZE       =   ----    ----
   PDATA SIZE       =   ----    ----
   DATA SIZE        =   ----    ----
   IDATA SIZE       =   ----    ----
C51 COMPILER V9.00   MAIN                                                                  09/06/2024 15:24:15 PAGE 2   

   BIT SIZE         =   ----    ----
END OF MODULE INFORMATION.


C51 COMPILATION COMPLETE.  0 WARNING(S),  0 ERROR(S)
