C51 COMPILER V9.60.0.0   MAIN                                                              05/08/2024 08:48:55 PAGE 1   


C51 COMPILER V9.60.0.0, COMPILATION OF MODULE MAIN
OBJECT MODULE PLACED IN .\Objects\main.obj
COMPILER INVOKED BY: C:\Keil_v5\C51\BIN\C51.EXE main.c LARGE OPTIMIZE(8,SPEED) BROWSE DEBUG OBJECTEXTEND PRINT(.\Listing
                    -s\main.lst) TABS(2) OBJECT(.\Objects\main.obj)

line level    source

   1          #include <STC15F2K60S2.H>
   2          #include "spi.h"
   3          #include "lcd.h"
   4          #include "lcd_init.h"
   5          #include "string.h"
   6          #include "stdio.h"
   7          
   8          sbit PWM=P1^5;
   9          
  10          unsigned int c=0;
  11          unsigned char jd[10];
  12          
  13          void GPIO_Init(void)
  14          {
  15   1        P0M1 = 0x00;//设置P0端口模式
  16   1        P0M0 = 0x00;
  17   1        
  18   1        P1M1 = 0x00;//设置P1端口模式
  19   1        P1M0 = 0x00;
  20   1                    
  21   1        P2M1 = 0x00;//设置P2端口模式
  22   1        P2M0 = 0x00;
  23   1                    
  24   1        P3M1 = 0x00;//设置P3端口模式
  25   1        P3M0 = 0x00;
  26   1                    
  27   1        P4M1 = 0x00;//设置P4端口模式
  28   1        P4M0 = 0x00;
  29   1                    
  30   1        P5M1 = 0x00;//设置P5端口模式
  31   1        P5M0 = 0x00;  
  32   1      }
  33          
  34          void Timer0_Init(void)    //500微秒@11.0592MHz
  35          {
  36   1        AUXR &= 0x7F;     //定时器时钟12T模式
  37   1        TMOD &= 0xF0;     //设置定时器模式
  38   1        TL0 = 0x33;       //设置定时初始值
  39   1        TH0 = 0xFE;       //设置定时初始值
  40   1        TF0 = 0;        //清除TF0标志
  41   1        TR0 = 1;        //定时器0开始计时
  42   1        ET0 = 1;        //使能定时器0中断
  43   1      }
  44          
  45          void key(void)
  46          {
  47   1        static unsigned int kt=0,kb=0;
  48   1        if(P33==0)
  49   1        {
  50   2          if(++kt>10 && kb==0)
  51   2          {
  52   3            kb=1;
  53   3            kt=0;
  54   3            if(c++>=4)
C51 COMPILER V9.60.0.0   MAIN                                                              05/08/2024 08:48:55 PAGE 2   

  55   3            {
  56   4              c=0;
  57   4            }
  58   3          }
  59   2        }
  60   1        else
  61   1        {
  62   2          kt=0;
  63   2          kb=0;
  64   2        }
  65   1      }
  66          
  67          void main(void)
  68          {
  69   1        GPIO_Init();
  70   1        SPI_Init();
  71   1        LCD_Init();//LCD初始化
  72   1        LCD_Clear1(BLACK);
  73   1        display_printf(60,100,WHITE,BLACK,24,0,"系统启动中");
  74   1        LCD_ShowString(0,220,(u8 *)"  Load and Initialization...",WHITE,BLACK,16,0);
  75   1        LCD_Clear1(BLACK);
  76   1        Timer0_Init();
  77   1        EA = 1;
  78   1        while(1)
  79   1        {
  80   2          sprintf(jd,"angle:%d  ",c);
  81   2          LCD_ShowString(80,100,(u8 *)jd,WHITE,BLACK,16,0);
  82   2        }
  83   1      }
  84          
  85          void Timer0_Isr(void) interrupt 1
  86          {
  87   1        static unsigned int count=0;
  88   1        key();
  89   1        if(count<=c)
  90   1        {
  91   2          PWM=1;
  92   2        }
  93   1        else
  94   1        {
  95   2          PWM=0;
  96   2        }
  97   1        count++;
  98   1        if(count>=40)
  99   1        {
 100   2          count=0;
 101   2        }
 102   1      }


MODULE INFORMATION:   STATIC OVERLAYABLE
   CODE SIZE        =    406    ----
   CONSTANT SIZE    =     51    ----
   XDATA SIZE       =     18    ----
   PDATA SIZE       =   ----    ----
   DATA SIZE        =   ----    ----
   IDATA SIZE       =   ----    ----
   BIT SIZE         =   ----    ----
END OF MODULE INFORMATION.


C51 COMPILATION COMPLETE.  0 WARNING(S),  0 ERROR(S)
