C51 COMPILER V9.00   MAIN                                                                  07/02/2024 15:41:53 PAGE 1   


C51 COMPILER V9.00, COMPILATION OF MODULE MAIN
OBJECT MODULE PLACED IN .\Objects\main.obj
COMPILER INVOKED BY: D:\software\KEIL4\C51\BIN\C51.EXE main.c LARGE BROWSE DEBUG OBJECTEXTEND PRINT(.\Listings\main.lst)
                    - OBJECT(.\Objects\main.obj)

line level    source

   1          #include <STC15F2K60S2.H>
   2          #include "spi.h"
   3          #include "lcd.h"
   4          #include "lcd_init.h"
   5          #include "string.h"
   6          #include "stdio.h"
   7          #include "intrins.h"
   8          
   9          #define ADC_POWER   0x80            //ADC电源控制位
  10          #define ADC_FLAG    0x10            //ADC完成标志
  11          #define ADC_START   0x08            //ADC起始控制位
  12          #define ADC_SPEEDLL 0x00            //540个时钟
  13          #define ADC_SPEEDL  0x20            //360个时钟
  14          #define ADC_SPEEDH  0x40            //180个时钟
  15          #define ADC_SPEEDHH 0x60            //90个时钟
  16          
  17          unsigned char cgqzt[20];
  18          
  19          float adc;
  20          
  21          void GPIO_Init(void)
  22          {
  23   1              P0M1 = 0x00;//设置P0端口模式
  24   1              P0M0 = 0x00;
  25   1              
  26   1              P1M1 = 0x00;//设置P1端口模式
  27   1              P1M0 = 0x00;
  28   1                          
  29   1              P2M1 = 0x00;//设置P2端口模式
  30   1              P2M0 = 0x00;
  31   1                          
  32   1              P3M1 = 0x00;//设置P3端口模式
  33   1              P3M0 = 0x00;
  34   1                          
  35   1              P4M1 = 0x00;//设置P4端口模式
  36   1              P4M0 = 0x00;
  37   1                          
  38   1              P5M1 = 0x00;//设置P5端口模式
  39   1              P5M0 = 0x00;  
  40   1      }
  41          
  42          void InitADC()
  43          {
  44   1          P1ASF = 0x80;                   //设置P1口为AD口
  45   1          ADC_RES = 0;                    //清除结果寄存器
  46   1          ADC_CONTR = ADC_POWER | ADC_SPEEDLL;
  47   1      }
  48          
  49          unsigned char GetADCResult(unsigned char ch)
  50          {
  51   1          ADC_CONTR = ADC_POWER | ADC_SPEEDLL | ch | ADC_START;
  52   1          _nop_();                        //等待4个NOP
  53   1          _nop_();
  54   1          _nop_();
C51 COMPILER V9.00   MAIN                                                                  07/02/2024 15:41:53 PAGE 2   

  55   1          _nop_();
  56   1          while (!(ADC_CONTR & ADC_FLAG));//等待ADC转换完成
  57   1          ADC_CONTR &= ~ADC_FLAG;         //Close ADC
  58   1      
  59   1          return ADC_RES;                 //返回ADC结果
  60   1      }
  61          
  62          void main(void)
  63          {
  64   1              GPIO_Init();
  65   1              InitADC();
  66   1              SPI_Init();
  67   1              LCD_Init();//LCD初始化
  68   1              LCD_Clear1(BLACK);
  69   1              display_printf(60,100,WHITE,BLACK,24,0,"系统启动中");
  70   1              LCD_ShowString(0,220,(u8 *)"  Load and Initialization...",WHITE,BLACK,16,0);
  71   1              LCD_Clear1(BLACK);
  72   1              while(1)
  73   1              {
  74   2                      adc = (float)GetADCResult(7)*5/256;
  75   2                      sprintf(cgqzt,"adc:%.2fV",adc);
  76   2                      LCD_ShowString(80,100,cgqzt,WHITE,BLACK,16,0);
  77   2              }
  78   1      }


MODULE INFORMATION:   STATIC OVERLAYABLE
   CODE SIZE        =    272    ----
   CONSTANT SIZE    =     50    ----
   XDATA SIZE       =     24    ----
   PDATA SIZE       =   ----    ----
   DATA SIZE        =   ----    ----
   IDATA SIZE       =   ----    ----
   BIT SIZE         =   ----    ----
END OF MODULE INFORMATION.


C51 COMPILATION COMPLETE.  0 WARNING(S),  0 ERROR(S)
