C51 COMPILER V9.60.7.0   HX711                                                             06/25/2024 16:19:23 PAGE 1   


C51 COMPILER V9.60.7.0, COMPILATION OF MODULE HX711
OBJECT MODULE PLACED IN .\Objects\hx711.obj
COMPILER INVOKED BY: C:\Keil_v5\C51\BIN\C51.EXE hx711\hx711.c LARGE OPTIMIZE(8,SPEED) BROWSE INCDIR(.\LCD;.\hx711) DEBUG
                    - OBJECTEXTEND PRINT(.\Listings\hx711.lst) TABS(2) OBJECT(.\Objects\hx711.obj)

line level    source

   1          #include "hx711.h"
   2          
   3          unsigned long ReadCount(void) 
   4          {  
   5   1        unsigned long Count;  
   6   1        unsigned char i;  
   7   1        hx711_SCLK_LOW;// ADSK=0;       //使能AD（PD_SCK 置低）  
   8   1        Count=0;  
   9   1        
  10   1        while(hx711_DAT==1){} //  while(ADDO);    //AD转换未结束则等待，否则开始读取  
  11   1        for (i=0;i<24;i++)  
  12   1        {    
  13   2          hx711_SCLK_HIGH;    //    ADSK=1;     //PD_SCK 置高（发送脉冲）    
  14   2          Count=Count<<1; //下降沿来时变量Count左移一位，右侧补零  
  15   2          hx711_SCLK_LOW;//   ADSK=0;     //PD_SCK 置低   
  16   2          if(hx711_DAT==1)//    if(ADDO) 
  17   2            Count++;  
  18   2        }  
  19   1        hx711_SCLK_HIGH;    //  ADSK=1;  
  20   1        Count=Count^0x800000;//第25个脉冲下降沿来时，转换数据  
  21   1        hx711_SCLK_LOW; //  ADSK=0;  
  22   1        return(Count); 
  23   1      }


MODULE INFORMATION:   STATIC OVERLAYABLE
   CODE SIZE        =    129    ----
   CONSTANT SIZE    =   ----    ----
   XDATA SIZE       =   ----       4
   PDATA SIZE       =   ----    ----
   DATA SIZE        =   ----    ----
   IDATA SIZE       =   ----    ----
   BIT SIZE         =   ----    ----
END OF MODULE INFORMATION.


C51 COMPILATION COMPLETE.  0 WARNING(S),  0 ERROR(S)
