C51 COMPILER V9.60.7.0   MAIN                                                              06/25/2024 16:19:23 PAGE 1   


C51 COMPILER V9.60.7.0, COMPILATION OF MODULE MAIN
OBJECT MODULE PLACED IN .\Objects\main.obj
COMPILER INVOKED BY: C:\Keil_v5\C51\BIN\C51.EXE main.c LARGE OPTIMIZE(8,SPEED) BROWSE INCDIR(.\LCD;.\hx711) DEBUG OBJECT
                    -EXTEND PRINT(.\Listings\main.lst) TABS(2) OBJECT(.\Objects\main.obj)

line level    source

   1          #include "main.h"
   2          #include "spi.h"
   3          #include "lcd.h"
   4          #include "lcd_init.h"
   5          #include "hx711.h"
   6          #include <stdio.h>
   7          
   8          unsigned long HX711_VALUE =0;
   9          unsigned long hx711_zero=0;
  10          unsigned long hx711_20g=0;
  11          float weight=0;
  12          
  13          u8 hx711_collect=0;
  14          
  15          void GPIO_Init(void)
  16          {
  17   1        P0M1 = 0x00;//…Ë÷√P0∂Àø⁄ƒ£ Ω
  18   1        P0M0 = 0xff;
  19   1        
  20   1        P1M1 = 0x00;//…Ë÷√P1∂Àø⁄ƒ£ Ω
  21   1        P1M0 = 0x00;
  22   1                    
  23   1        P2M1 = 0x00;//…Ë÷√P2∂Àø⁄ƒ£ Ω
  24   1        P2M0 = 0x00;
  25   1                    
  26   1        P3M1 = 0x00;//…Ë÷√P3∂Àø⁄ƒ£ Ω
  27   1        P3M0 = 0x00;
  28   1                    
  29   1        P4M1 = 0x00;//…Ë÷√P4∂Àø⁄ƒ£ Ω
  30   1        P4M0 = 0x00;
  31   1                    
  32   1        P5M1 = 0x00;//…Ë÷√P5∂Àø⁄ƒ£ Ω
  33   1        P5M0 = 0x00;  
  34   1      }
  35          
  36          void Timer0_Init(void)    //1∫¡√Î@11.0592MHz
  37          {
  38   1        AUXR &= 0x7F;     //∂® ±∆˜ ±÷”12Tƒ£ Ω
  39   1        TMOD &= 0xF0;     //…Ë÷√∂® ±∆˜ƒ£ Ω
  40   1        TL0 = 0x66;       //…Ë÷√∂® ±≥ı º÷µ
  41   1        TH0 = 0xFC;       //…Ë÷√∂® ±≥ı º÷µ
  42   1        TF0 = 0;        //«Â≥˝TF0±Í÷æ
  43   1        TR0 = 1;        //∂® ±∆˜0ø™ ºº∆ ±
  44   1        ET0 = 1;        // πƒ‹∂® ±∆˜0÷–∂œ
  45   1      }
  46          
  47          //void Uart1Init(void)    //9600bps@11.0592MHz
  48          //{
  49          //  SCON = 0x50;    //8Œª ˝æ›,ø…±‰≤®Ãÿ¬ 
  50          //  AUXR &= 0xBF;   //∂® ±∆˜ ±÷”12Tƒ£ Ω
  51          //  AUXR &= 0xFE;   //¥Æø⁄1—°‘Ò∂® ±∆˜1Œ™≤®Ãÿ¬ ∑¢…˙∆˜
  52          //  TMOD &= 0x0F;   //…Ë÷√∂® ±∆˜ƒ£ Ω
  53          //  TL1 = 0xE8;     //…Ë÷√∂® ±≥ı º÷µ
  54          //  TH1 = 0xFF;     //…Ë÷√∂® ±≥ı º÷µ
C51 COMPILER V9.60.7.0   MAIN                                                              06/25/2024 16:19:23 PAGE 2   

  55          //  ET1 = 0;      //Ω˚÷π∂® ±∆˜÷–∂œ
  56          //  TR1 = 1;      //∂® ±∆˜1ø™ ºº∆ ±
  57          //  TI = 1;
  58          //} 
  59          
  60          void key(void)
  61          {
  62   1        static u16 flag_key=0,kt=0;
  63   1        
  64   1        if(K1==0)
  65   1        {
  66   2          if(++kt>=10 && flag_key==0)
  67   2          {
  68   3            flag_key=1;
  69   3            hx711_zero=ReadCount();
  70   3          }
  71   2        }
  72   1        else if(K2==0)
  73   1        {
  74   2          if(++kt>=10 && flag_key==0)
  75   2          {
  76   3            flag_key=1;
  77   3            hx711_20g=HX711_VALUE-hx711_zero;
  78   3          }
  79   2        }
  80   1        else
  81   1        {
  82   2          kt=0;
  83   2          flag_key=0;
  84   2        }
  85   1      }
  86          
  87          void main()
  88          {
  89   1        static u8 weight_value_pro=0;
  90   1        static u8 cnt1_value=1;
  91   1        GPIO_Init();
  92   1        Timer0_Init();
  93   1        EA = 1;
  94   1        SPI_Init();
  95   1        LCD_Init();//LCD≥ı ºªØ
  96   1        LCD_Clear1(BLACK);
  97   1        display_printf(60,0,WHITE,BLACK,24,0,"≥∆÷ÿ≤‚ ‘");
  98   1        LCD_DrawLine(20,40,20,140,BROWN);   //◊¯±Í÷·
  99   1        LCD_DrawLine(20,140,200,140,BROWN);
 100   1        display_printf(0,220,RED,    BLACK,16,0,"∏¥Œª");
 101   1        display_printf(96,220,RED,    BLACK,16,0,"–£◊º");
 102   1        display_printf(192,220,RED,    BLACK,16,0,"»•∆§");
 103   1        hx711_zero=ReadCount();
 104   1        hx711_20g=76168;
 105   1        while(1)
 106   1        {
 107   2          LED1=0;
 108   2          if(hx711_collect)
 109   2          {
 110   3            hx711_collect=0;
 111   3            
 112   3            HX711_VALUE = ReadCount();
 113   3            weight=((float)HX711_VALUE-(float)hx711_zero)/((float)hx711_20g)*200.0f;
 114   3          }
 115   2          if(weight<0)//∏∫÷µ
 116   2          {
C51 COMPILER V9.60.7.0   MAIN                                                              06/25/2024 16:19:23 PAGE 3   

 117   3            weight=-weight;
 118   3            display_printf(80,145,GREEN,BLACK,16,0,"-%3d.%dg",(int)weight/10,((int)weight)%10);
 119   3          }
 120   2          else 
 121   2            display_printf(80,145,GREEN,BLACK,16,0," %3d.%dg",(int)weight/10,((int)weight)%10);
 122   2          
 123   2          LCD_DrawLine(20+(cnt1_value-1),140-weight_value_pro,20+cnt1_value,140-(int)weight/50.0f,GREEN);//Œ¬∂»µƒ’
             -€œﬂÕº
 124   2          weight_value_pro=(int)weight/50.0f;
 125   2          
 126   2          cnt1_value++;
 127   2          if(cnt1_value>=180)
 128   2          {
 129   3            cnt1_value=1;
 130   3            LCD_Fill( 20,40,200,140,BLACK);//«Â
 131   3            
 132   3            LCD_DrawLine(20,40,20,140,BROWN);   //◊¯±Í÷·
 133   3            LCD_DrawLine(20,140,200,140,BROWN);
 134   3          }
 135   2        }
 136   1      }
 137          
 138          void Timer0_Isr(void) interrupt 1
 139          {
 140   1        static unsigned int count1 = 0;
 141   1        key();
 142   1        if (++count1 >= 50)
 143   1        {
 144   2          LED8 = ~LED8;
 145   2          count1 = 0;
 146   2          hx711_collect=1;
 147   2        }
 148   1      }
 149          


MODULE INFORMATION:   STATIC OVERLAYABLE
   CODE SIZE        =   1182    ----
   CONSTANT SIZE    =     42    ----
   XDATA SIZE       =     25    ----
   PDATA SIZE       =   ----    ----
   DATA SIZE        =   ----    ----
   IDATA SIZE       =   ----    ----
   BIT SIZE         =   ----    ----
END OF MODULE INFORMATION.


C51 COMPILATION COMPLETE.  0 WARNING(S),  0 ERROR(S)
