C51 COMPILER V9.60.7.0   MAIN                                                              06/25/2024 15:55:21 PAGE 1   


C51 COMPILER V9.60.7.0, COMPILATION OF MODULE MAIN
OBJECT MODULE PLACED IN .\Objects\main.obj
COMPILER INVOKED BY: C:\Keil_v5\C51\BIN\C51.EXE main.c LARGE OPTIMIZE(8,SPEED) BROWSE DEBUG OBJECTEXTEND PRINT(.\Listing
                    -s\main.lst) TABS(2) OBJECT(.\Objects\main.obj)

line level    source

   1          #include <STC15F2K60S2.H>
   2          #include "spi.h"
   3          #include "lcd.h"
   4          #include "lcd_init.h"
   5          #include "string.h"
   6          #include "stdio.h"
   7          
   8          unsigned char rsdzt[10];
   9          
  10          unsigned int rsd_zt=0;
  11          
  12          void GPIO_Init(void)
  13          {
  14   1        P0M1 = 0x00;//设置P0端口模式
  15   1        P0M0 = 0x00;
  16   1        
  17   1        P1M1 = 0x00;//设置P1端口模式
  18   1        P1M0 = 0x00;
  19   1                    
  20   1        P2M1 = 0x00;//设置P2端口模式
  21   1        P2M0 = 0x00;
  22   1                    
  23   1        P3M1 = 0x00;//设置P3端口模式
  24   1        P3M0 = 0x00;
  25   1                    
  26   1        P4M1 = 0x00;//设置P4端口模式
  27   1        P4M0 = 0x00;
  28   1                    
  29   1        P5M1 = 0x00;//设置P5端口模式
  30   1        P5M0 = 0x00;  
  31   1      }
  32          
  33          void main(void)
  34          {
  35   1        GPIO_Init();
  36   1        SPI_Init();
  37   1        LCD_Init();//LCD初始化
  38   1        LCD_Clear1(BLACK);
  39   1        display_printf(60,100,WHITE,BLACK,24,0,"系统启动中");
  40   1        LCD_ShowString(0,220,(u8 *)"  Load and Initialization...",WHITE,BLACK,16,0);
  41   1        LCD_Clear1(BLACK);
  42   1        while(1)
  43   1        {
  44   2          if(P15==0)
  45   2          {
  46   3            rsd_zt=1;
  47   3          }
  48   2          else if(P15==1)
  49   2          {
  50   3            rsd_zt=0;
  51   3          }
  52   2          sprintf(rsdzt,"state:%d",rsd_zt);
  53   2          LCD_ShowString(80,120,(u8 *)rsdzt,WHITE,BLACK,16,0);
  54   2        }
C51 COMPILER V9.60.7.0   MAIN                                                              06/25/2024 15:55:21 PAGE 2   

  55   1      }


MODULE INFORMATION:   STATIC OVERLAYABLE
   CODE SIZE        =    220    ----
   CONSTANT SIZE    =     49    ----
   XDATA SIZE       =     12    ----
   PDATA SIZE       =   ----    ----
   DATA SIZE        =   ----    ----
   IDATA SIZE       =   ----    ----
   BIT SIZE         =   ----    ----
END OF MODULE INFORMATION.


C51 COMPILATION COMPLETE.  0 WARNING(S),  0 ERROR(S)
