C51 COMPILER V9.00   MAIN                                                                  07/02/2024 15:45:57 PAGE 1   


C51 COMPILER V9.00, COMPILATION OF MODULE MAIN
OBJECT MODULE PLACED IN .\Objects\main.obj
COMPILER INVOKED BY: D:\software\KEIL4\C51\BIN\C51.EXE main.c LARGE BROWSE INCDIR(.\LCD;.\SGP30) DEBUG OBJECTEXTEND PRIN
                    -T(.\Listings\main.lst) OBJECT(.\Objects\main.obj)

line level    source

   1          #include "main.h"
   2          #include "spi.h"
   3          #include "lcd.h"
   4          #include "lcd_init.h"
   5          
   6          
   7          float distance;//定义距离变量
   8          u16 a;
   9          
  10          
  11          
  12          void GPIO_Init(void)
  13          {
  14   1              P0M1 = 0x00;//设置P0端口模式
  15   1              P0M0 = 0xff;
  16   1              
  17   1              P1M1 = 0x00;//设置P1端口模式
  18   1              P1M0 = 0x00;
  19   1                          
  20   1              P2M1 = 0x00;//设置P2端口模式
  21   1              P2M0 = 0x00;
  22   1                          
  23   1              P3M1 = 0x00;//设置P3端口模式
  24   1              P3M0 = 0x00;
  25   1                          
  26   1              P4M1 = 0x00;//设置P4端口模式
  27   1              P4M0 = 0x00;
  28   1                          
  29   1              P5M1 = 0x00;//设置P5端口模式
  30   1              P5M0 = 0x00;  
  31   1      }
  32          
  33          void Timer0_Init(void)          //1毫秒@11.0592MHz
  34          {
  35   1              TMOD=0x01;//定义计时器0工作方式为1
  36   1              TH0=0;//定义定时器初值
  37   1              TL0=0;
  38   1              TR0=0;
  39   1              ET0=0;//开定时器0中断
  40   1      }
  41          
  42          //void Uart1Init(void)          //9600bps@11.0592MHz
  43          //{
  44          //      SCON = 0x50;            //8位数据,可变波特率
  45          //      AUXR &= 0xBF;           //定时器时钟12T模式
  46          //      AUXR &= 0xFE;           //串口1选择定时器1为波特率发生器
  47          //      TMOD &= 0x0F;           //设置定时器模式
  48          //      TL1 = 0xE8;                     //设置定时初始值
  49          //      TH1 = 0xFF;                     //设置定时初始值
  50          //      ET1 = 0;                        //禁止定时器中断
  51          //      TR1 = 1;                        //定时器1开始计时
  52          //      TI = 1;
  53          //} 
  54          void Delay10us(unsigned int xus)        //@11.0592MHz
C51 COMPILER V9.00   MAIN                                                                  07/02/2024 15:45:57 PAGE 2   

  55          {
  56   1              unsigned char data i;
  57   1              unsigned int x;
  58   1              for(x=0;x<xus;x++)
  59   1              {
  60   2                      _nop_();
  61   2                      i = 25;
  62   2                      while (--i);
  63   2              }
  64   1      }
  65          
  66          void main()
  67          {
  68   1              GPIO_Init();
  69   1              Timer0_Init();
  70   1              EA = 1;
  71   1              Echo=1;
  72   1              Trig=0;
  73   1              SPI_Init();
  74   1              LCD_Init();//LCD初始化
  75   1              LCD_Clear1(BLACK);
  76   1              while(1)
  77   1              {
  78   2                      Trig=1;
  79   2                      Delay10us(1);
  80   2                      Trig=0;
  81   2                      while(!Echo);
  82   2              TR0=1;
  83   2          while(Echo);
  84   2              TR0=0;
  85   2          a=TH0*256+TL0;
  86   2             TH0=0;
  87   2             TL0=0;
  88   2          distance= a*1.7/100;
  89   2                      display_printf(80,100,WHITE,BLACK,16,0,"%.1fcm",distance);
  90   2                      Delay10us(10000);
  91   2              }
  92   1      }
  93          
  94          //void Timer0_Isr(void) interrupt 1
  95          //{
  96          //      static unsigned int count1 = 0;
  97          //      if (++count1 >= 1000)
  98          //      {
  99          //              LED8 = ~LED8;
 100          //              count1 = 0;
 101          //      }
 102          //}
 103          
 104          


MODULE INFORMATION:   STATIC OVERLAYABLE
   CODE SIZE        =    245    ----
   CONSTANT SIZE    =      7    ----
   XDATA SIZE       =      6    ----
   PDATA SIZE       =   ----    ----
   DATA SIZE        =   ----       1
   IDATA SIZE       =   ----    ----
   BIT SIZE         =   ----    ----
END OF MODULE INFORMATION.


C51 COMPILATION COMPLETE.  0 WARNING(S),  0 ERROR(S)
