C51 COMPILER V9.60.7.0   I2C                                                               06/25/2024 16:46:00 PAGE 1   


C51 COMPILER V9.60.7.0, COMPILATION OF MODULE I2C
OBJECT MODULE PLACED IN .\Objects\i2c.obj
COMPILER INVOKED BY: C:\Keil_v5\C51\BIN\C51.EXE i2c.c LARGE OPTIMIZE(8,SPEED) BROWSE INCDIR(.\LCD;.\LD3320) DEBUG OBJECT
                    -EXTEND PRINT(.\Listings\i2c.lst) TABS(2) OBJECT(.\Objects\i2c.obj)

line level    source

   1          #include "i2c.h"
   2          #include "intrins.h"
   3          #include "lcd_init.h"
   4          
   5          
   6          //// 延时函数
   7          //void delay(unsigned int t) {
   8          //    while (t--);
   9          //}
  10          
  11          // I2C起始信号
  12          void I2C_Start() {
  13   1          SDA = 1;
  14   1          SCL = 1;
  15   1          _nop_();
  16   1          SDA = 0;
  17   1          _nop_();
  18   1          SCL = 0;
  19   1      }
  20          
  21          // I2C停止信号
  22          void I2C_Stop() {
  23   1          SDA = 0;
  24   1          SCL = 1;
  25   1          _nop_();
  26   1          SDA = 1;
  27   1          _nop_();
  28   1          SCL = 0;
  29   1      }
  30          
  31          // I2C等待应答信号
  32          bit I2C_WaitAck() {
  33   1          bit ack;
  34   1          SDA = 1;
  35   1          _nop_();
  36   1          SCL = 1;
  37   1          _nop_();
  38   1          ack = SDA;
  39   1          SCL = 0;
  40   1          return ack;
  41   1      }
  42          
  43          // I2C发送应答信号
  44          void I2C_SendAck() {
  45   1          SDA = 0; // 将SDA引脚设置为与ack相反的值
  46   1          SCL = 1; // 拉高时钟线
  47   1          _nop_();
  48   1          SCL = 0; // 拉低时钟线
  49   1          SDA = 1;
  50   1      }
  51          
  52          
  53          // I2C发送一个字节
  54          void I2C_SendByte(unsigned char dat) {
C51 COMPILER V9.60.7.0   I2C                                                               06/25/2024 16:46:00 PAGE 2   

  55   1          unsigned char i;
  56   1          for (i = 0; i < 8; i++) {
  57   2              dat <<= 1;
  58   2              SDA = CY;
  59   2              _nop_();
  60   2              SCL = 1;
  61   2              _nop_();
  62   2              SCL = 0;
  63   2          }
  64   1      }
  65          
  66          // I2C接收一个字节
  67          unsigned char I2C_ReceiveByte() {
  68   1          unsigned char i, dat = 0;
  69   1          SDA = 1;
  70   1          for (i = 0; i < 8; i++) {
  71   2              dat <<= 1;
  72   2              SCL = 1;
  73   2              _nop_();
  74   2              dat |= SDA;
  75   2              SCL = 0;
  76   2          }
  77   1          return dat;
  78   1      }
  79          
  80          


MODULE INFORMATION:   STATIC OVERLAYABLE
   CODE SIZE        =     93    ----
   CONSTANT SIZE    =   ----    ----
   XDATA SIZE       =   ----    ----
   PDATA SIZE       =   ----    ----
   DATA SIZE        =   ----    ----
   IDATA SIZE       =   ----    ----
   BIT SIZE         =   ----       1
END OF MODULE INFORMATION.


C51 COMPILATION COMPLETE.  0 WARNING(S),  0 ERROR(S)
