C51 COMPILER V9.60.0.0   MAIN                                                              05/02/2024 15:53:00 PAGE 1   


C51 COMPILER V9.60.0.0, COMPILATION OF MODULE MAIN
OBJECT MODULE PLACED IN .\Objects\main.obj
COMPILER INVOKED BY: C:\Keil_v5\C51\BIN\C51.EXE main.c LARGE OPTIMIZE(8,SPEED) BROWSE DEBUG OBJECTEXTEND PRINT(.\Listing
                    -s\main.lst) TABS(2) OBJECT(.\Objects\main.obj)

line level    source

   1          #include <STC15F2K60S2.H>
   2          #include "spi.h"
   3          #include "lcd.h"
   4          #include "lcd_init.h"
   5          #include "string.h"
   6          #include "stdio.h"
   7          #include "intrins.h"
   8          
   9          #define ADC_POWER   0x80            //ADC电源控制位
  10          #define ADC_FLAG    0x10            //ADC完成标志
  11          #define ADC_START   0x08            //ADC起始控制位
  12          #define ADC_SPEEDLL 0x00            //540个时钟
  13          #define ADC_SPEEDL  0x20            //360个时钟
  14          #define ADC_SPEEDH  0x40            //180个时钟
  15          #define ADC_SPEEDHH 0x60            //90个时钟
  16          
  17          unsigned int state=0;
  18          
  19          unsigned char cgqzt[20];
  20          
  21          float adc;
  22          
  23          void GPIO_Init(void)
  24          {
  25   1        P0M1 = 0x00;//设置P0端口模式
  26   1        P0M0 = 0x00;
  27   1        
  28   1        P1M1 = 0x00;//设置P1端口模式
  29   1        P1M0 = 0x00;
  30   1                    
  31   1        P2M1 = 0x00;//设置P2端口模式
  32   1        P2M0 = 0x00;
  33   1                    
  34   1        P3M1 = 0x00;//设置P3端口模式
  35   1        P3M0 = 0x00;
  36   1                    
  37   1        P4M1 = 0x00;//设置P4端口模式
  38   1        P4M0 = 0x00;
  39   1                    
  40   1        P5M1 = 0x00;//设置P5端口模式
  41   1        P5M0 = 0x00;  
  42   1      }
  43          
  44          void InitADC()
  45          {
  46   1          P1ASF = 0x10;                   //设置P1口为AD口
  47   1          ADC_RES = 0;                    //清除结果寄存器
  48   1          ADC_CONTR = ADC_POWER | ADC_SPEEDLL;
  49   1      }
  50          
  51          unsigned char GetADCResult(unsigned char ch)
  52          {
  53   1          ADC_CONTR = ADC_POWER | ADC_SPEEDLL | ch | ADC_START;
  54   1          _nop_();                        //等待4个NOP
C51 COMPILER V9.60.0.0   MAIN                                                              05/02/2024 15:53:00 PAGE 2   

  55   1          _nop_();
  56   1          _nop_();
  57   1          _nop_();
  58   1          while (!(ADC_CONTR & ADC_FLAG));//等待ADC转换完成
  59   1          ADC_CONTR &= ~ADC_FLAG;         //Close ADC
  60   1      
  61   1          return ADC_RES;                 //返回ADC结果
  62   1      }
  63          
  64          void main(void)
  65          {
  66   1        GPIO_Init();
  67   1        InitADC();
  68   1        SPI_Init();
  69   1        LCD_Init();//LCD初始化
  70   1        LCD_Clear1(BLACK);
  71   1        display_printf(60,100,WHITE,BLACK,24,0,"系统启动中");
  72   1        LCD_ShowString(0,220,(u8 *)"  Load and Initialization...",WHITE,BLACK,16,0);
  73   1        LCD_Clear1(BLACK);
  74   1        while(1)
  75   1        {
  76   2          adc = (float)GetADCResult(4)*5/256;
  77   2          if(P13==0)
  78   2          {
  79   3            state=0;
  80   3          }
  81   2          else if(P13==1)
  82   2          {
  83   3            state=1;
  84   3          }
  85   2          sprintf(cgqzt,"state:%d adc:%.2fV",state,adc);
  86   2          LCD_ShowString(60,100,cgqzt,WHITE,BLACK,16,0);
  87   2        }
  88   1      }


MODULE INFORMATION:   STATIC OVERLAYABLE
   CODE SIZE        =    311    ----
   CONSTANT SIZE    =     59    ----
   XDATA SIZE       =     26    ----
   PDATA SIZE       =   ----    ----
   DATA SIZE        =   ----    ----
   IDATA SIZE       =   ----    ----
   BIT SIZE         =   ----    ----
END OF MODULE INFORMATION.


C51 COMPILATION COMPLETE.  0 WARNING(S),  0 ERROR(S)
