C51 COMPILER V9.60.7.0   MAIN                                                              06/28/2024 23:10:11 PAGE 1   


C51 COMPILER V9.60.7.0, COMPILATION OF MODULE MAIN
OBJECT MODULE PLACED IN .\Objects\main.obj
COMPILER INVOKED BY: C:\Keil_v5\C51\BIN\C51.EXE main.c LARGE OPTIMIZE(8,SPEED) BROWSE INCDIR(.\XFS5051;.\UART2) DEBUG OB
                    -JECTEXTEND PRINT(.\Listings\main.lst) TABS(2) OBJECT(.\Objects\main.obj)

line level    source

   1          #include "main.h"
   2          #include "intrins.h"
   3          #include "uart2.h"
   4          #include "XFS5051.h"
   5          
   6          extern unsigned char flag_updata; //用于定时发数据，或者定时闪烁工作LED灯
   7          extern unsigned int  time_updata;
   8          
   9          void led()
  10          {
  11   1        if(flag_updata==1)
  12   1        {
  13   2          flag_updata=0;
  14   2          LED1 = ~LED1;
  15   2          XFS_FrameInfo((unsigned char *)"欢迎使用亚龙派",sizeof"欢迎使用亚龙派");
  16   2        }
  17   1      }
  18          
  19          void main()
  20          {
  21   1          P0M0 = 0x00;
  22   1          P0M1 = 0x00;
  23   1          P1M0 = 0x00;
  24   1          P1M1 = 0x00;
  25   1          P2M0 = 0x00;
  26   1          P2M1 = 0x00;
  27   1          P3M0 = 0x00;
  28   1          P3M1 = 0x00;
  29   1          P4M0 = 0x00;
  30   1          P4M1 = 0x00;
  31   1          P5M0 = 0x00;
  32   1          P5M1 = 0x00;
  33   1          P6M0 = 0x00;
  34   1          P6M1 = 0x00;
  35   1          P7M0 = 0x00;
  36   1          P7M1 = 0x00;
  37   1      
  38   1          init_uart2();
  39   1          init_time0();
  40   1          while(1)
  41   1          {
  42   2            led();
  43   2          }
  44   1      }


MODULE INFORMATION:   STATIC OVERLAYABLE
   CODE SIZE        =     67    ----
   CONSTANT SIZE    =     15    ----
   XDATA SIZE       =   ----    ----
   PDATA SIZE       =   ----    ----
   DATA SIZE        =   ----    ----
   IDATA SIZE       =   ----    ----
   BIT SIZE         =   ----    ----
C51 COMPILER V9.60.7.0   MAIN                                                              06/28/2024 23:10:11 PAGE 2   

END OF MODULE INFORMATION.


C51 COMPILATION COMPLETE.  0 WARNING(S),  0 ERROR(S)
