C51 COMPILER V9.00   MAIN                                                                  07/03/2024 08:42:50 PAGE 1   


C51 COMPILER V9.00, COMPILATION OF MODULE MAIN
OBJECT MODULE PLACED IN .\Objects\main.obj
COMPILER INVOKED BY: D:\software\KEIL4\C51\BIN\C51.EXE main.c BROWSE DEBUG OBJECTEXTEND PRINT(.\Listings\main.lst) OBJEC
                    -T(.\Objects\main.obj)

line level    source

   1          #include <STC15F2K60S2.H>
   2          #include "intrins.h"
   3          
   4          #define ws2812 P15
   5          
   6          void GPIO_Init(void)
   7          {
   8   1              P0M1 = 0x00;//设置P0端口模式
   9   1              P0M0 = 0x00;
  10   1              
  11   1              P1M1 = 0x00;//设置P1端口模式
  12   1              P1M0 = 0x00;
  13   1                          
  14   1              P2M1 = 0x00;//设置P2端口模式
  15   1              P2M0 = 0x00;
  16   1                          
  17   1              P3M1 = 0x00;//设置P3端口模式
  18   1              P3M0 = 0x00;
  19   1                          
  20   1              P4M1 = 0x00;//设置P4端口模式
  21   1              P4M0 = 0x00;
  22   1                          
  23   1              P5M1 = 0x00;//设置P5端口模式
  24   1              P5M0 = 0x00;  
  25   1      }
  26          
  27          void Delay300us()               //@27.000MHz
  28          {
  29   1              unsigned char i, j;
  30   1      
  31   1              i = 8;
  32   1              j = 222;
  33   1              do
  34   1              {
  35   2                      while (--j);
  36   2              } while (--i);
  37   1      }
  38          
  39          void ws2812_1(void)
  40          {
  41   1              ws2812=1;
  42   1              _nop_();
  43   1              _nop_();
  44   1              ws2812=0;
  45   1              _nop_();
  46   1      }
  47          
  48          void ws2812_0(void)
  49          {
  50   1              ws2812=0;
  51   1              _nop_();
  52   1              _nop_();
  53   1              ws2812=1;
  54   1              _nop_();
C51 COMPILER V9.00   MAIN                                                                  07/03/2024 08:42:50 PAGE 2   

  55   1      }
  56          
  57          void ws2812_end(void)
  58          {
  59   1              ws2812=0;
  60   1              Delay300us();
  61   1      }
  62          
  63          void lcd(void)
  64          {
  65   1              static unsigned int i=0;
  66   1              for(i=0;i<24;i++)
  67   1              {
  68   2                      if(i<16)
  69   2                      {
  70   3                              ws2812_1();
  71   3                      }
  72   2                      else
  73   2                      {
  74   3                              ws2812_0();
  75   3                      }
  76   2              }
  77   1              ws2812_end();
  78   1      }
  79          
  80          void main(void)
  81          {
  82   1              GPIO_Init();
  83   1              while(1)
  84   1              {
  85   2                      lcd();
  86   2              }
  87   1      }


MODULE INFORMATION:   STATIC OVERLAYABLE
   CODE SIZE        =    108    ----
   CONSTANT SIZE    =   ----    ----
   XDATA SIZE       =   ----    ----
   PDATA SIZE       =   ----    ----
   DATA SIZE        =      2    ----
   IDATA SIZE       =   ----    ----
   BIT SIZE         =   ----    ----
END OF MODULE INFORMATION.


C51 COMPILATION COMPLETE.  0 WARNING(S),  0 ERROR(S)
