C51 COMPILER V9.00   MAIN                                                                  07/03/2024 10:16:01 PAGE 1   


C51 COMPILER V9.00, COMPILATION OF MODULE MAIN
OBJECT MODULE PLACED IN .\Objects\main.obj
COMPILER INVOKED BY: D:\software\KEIL4\C51\BIN\C51.EXE main.c LARGE BROWSE DEBUG OBJECTEXTEND PRINT(.\Listings\main.lst)
                    - OBJECT(.\Objects\main.obj)

line level    source

   1          #include <STC15F2K60S2.H>
   2          #include "spi.h"
   3          #include "lcd.h"
   4          #include "lcd_init.h"
   5          #include "string.h"
   6          #include "stdio.h"
   7          
   8          unsigned int led_cnt=0;
   9          unsigned char ledzkb[10];
  10          
  11          
  12          
  13          void GPIO_Init(void)
  14          {
  15   1              P0M1 = 0x00;//设置P0端口模式
  16   1              P0M0 = 0x00;
  17   1              
  18   1              P1M1 = 0x00;//设置P1端口模式
  19   1              P1M0 = 0xff;
  20   1                          
  21   1              P2M1 = 0x00;//设置P2端口模式
  22   1              P2M0 = 0x00;
  23   1                          
  24   1              P3M1 = 0x00;//设置P3端口模式
  25   1              P3M0 = 0x00;
  26   1                          
  27   1              P4M1 = 0x00;//设置P4端口模式
  28   1              P4M0 = 0x00;
  29   1                          
  30   1              P5M1 = 0x00;//设置P5端口模式
  31   1              P5M0 = 0x00;  
  32   1      }
  33          
  34          void Timer0_Init(void)          //1毫秒@11.0592MHz
  35          {
  36   1              AUXR &= 0x7F;                   //定时器时钟12T模式
  37   1              TMOD &= 0xF0;                   //设置定时器模式
  38   1              TL0 = 0x66;                             //设置定时初始值
  39   1              TH0 = 0xFC;                             //设置定时初始值
  40   1              TF0 = 0;                                //清除TF0标志
  41   1              TR0 = 1;                                //定时器0开始计时
  42   1              ET0 = 1;                                //使能定时器0中断
  43   1      }
  44          
  45          void main(void)
  46          {
  47   1              GPIO_Init();
  48   1              Timer0_Init();
  49   1              EA = 1;
  50   1              SPI_Init();
  51   1              LCD_Init();//LCD初始化
  52   1              LCD_Clear1(BLACK);
  53   1              display_printf(60,100,WHITE,BLACK,24,0,"系统启动中");
  54   1              LCD_ShowString(0,220,(u8 *)"  Load and Initialization...",WHITE,BLACK,16,0);
C51 COMPILER V9.00   MAIN                                                                  07/03/2024 10:16:01 PAGE 2   

  55   1              LCD_Clear1(BLACK);
  56   1              while(1)
  57   1              {
  58   2                      sprintf(ledzkb,"zkb:%d",led_cnt);
  59   2                      LCD_ShowString(100,120,(u8 *)ledzkb,WHITE,BLACK,16,0);
  60   2              }
  61   1      }
  62          
  63          void Timer0_Isr(void) interrupt 1
  64          {
  65   1              static unsigned int count=0,cnt=0;
  66   1              if(++count>led_cnt)
  67   1              {
  68   2                      P15 = 1;
  69   2                      if(count>=10)
  70   2                      {
  71   3                              count=0;
  72   3                      }
  73   2              }
  74   1              else
  75   1              {
  76   2                      P15 = 0;
  77   2              }
  78   1              if(++cnt>200)
  79   1              {
  80   2                      cnt=0;
  81   2                      if(led_cnt++>=9)
  82   2                      {
  83   3                              led_cnt=0;
  84   3                      }
  85   2              }
  86   1      }


MODULE INFORMATION:   STATIC OVERLAYABLE
   CODE SIZE        =    359    ----
   CONSTANT SIZE    =     47    ----
   XDATA SIZE       =     16    ----
   PDATA SIZE       =   ----    ----
   DATA SIZE        =   ----    ----
   IDATA SIZE       =   ----    ----
   BIT SIZE         =   ----    ----
END OF MODULE INFORMATION.


C51 COMPILATION COMPLETE.  0 WARNING(S),  0 ERROR(S)
