C51 COMPILER V9.00   MAIN                                                                  07/02/2024 16:38:02 PAGE 1   


C51 COMPILER V9.00, COMPILATION OF MODULE MAIN
OBJECT MODULE PLACED IN .\Objects\main.obj
COMPILER INVOKED BY: D:\software\KEIL4\C51\BIN\C51.EXE main.c BROWSE INCDIR(.\UART2) DEBUG OBJECTEXTEND PRINT(.\Listings
                    -\main.lst) OBJECT(.\Objects\main.obj)

line level    source

   1          #include "main.h"
   2          #include "intrins.h"
   3          #include "string.h"
   4          #include "uart2.h"
   5          
   6          sbit key =P3^3;
   7          extern unsigned char flag_updata; //用于定时发数据，或者定时闪烁工作LED灯
   8          extern unsigned int  time_updata;
   9          
  10          unsigned char data_cmd[]={0xff,0x03,0x00,0x01,0xfe};
  11          
  12          void delay(unsigned int t)
  13          {
  14   1              unsigned int i,j;
  15   1              for(i=0;i<t;i++)
  16   1                      for(j=0;j<1000;j++);
  17   1      }
  18          
  19          void led()
  20          {
  21   1              if(flag_updata==1)
  22   1              {
  23   2                      flag_updata=0;
  24   2                      LED1 = ~LED1;
  25   2      
  26   2              }
  27   1      }
  28          void uart_r()
  29          {
  30   1              if(UART_CONFIG.ReceiveComplete==1)
  31   1              {
  32   2                      UART_CONFIG.ReceiveComplete=0;
  33   2                      if(memcmp(UART_CONFIG.ReceiveBuff,data_cmd,5)==0)
  34   2              {
  35   3                  LED3 = ~LED3;
  36   3              }
  37   2              }
  38   1      }
  39          void main()
  40          {
  41   1              unsigned char flag_key=0;
  42   1              
  43   1              P0M0 = 0x00;
  44   1              P0M1 = 0x00;
  45   1              P1M0 = 0x00;
  46   1              P1M1 = 0x00;
  47   1              P2M0 = 0x00;
  48   1              P2M1 = 0x00;
  49   1              P3M0 = 0x00;
  50   1              P3M1 = 0x00;
  51   1              P4M0 = 0x00;
  52   1              P4M1 = 0x00;
  53   1              P5M0 = 0x00;
  54   1              P5M1 = 0x00;
C51 COMPILER V9.00   MAIN                                                                  07/02/2024 16:38:02 PAGE 2   

  55   1              P6M0 = 0x00;
  56   1              P6M1 = 0x00;
  57   1              P7M0 = 0x00;
  58   1              P7M1 = 0x00;
  59   1      
  60   1              init_uart2();
  61   1              init_time0();
  62   1              
  63   1              while(1)
  64   1              {
  65   2                      led();
  66   2                      
  67   2                      if(key == 0 && flag_key==0)
  68   2                      {
  69   3                              delay(10);
  70   3                              if(key == 0)
  71   3                              {
  72   4                                      flag_key=1;
  73   4                                      
  74   4                                      LED4 = ~LED4;
  75   4                      SendDatas(data_cmd,sizeof(data_cmd));
  76   4                              }
  77   3                      }
  78   2                      else if(key == 1)
  79   2                      {
  80   3                              flag_key=0;
  81   3                      }
  82   2              uart_r();
  83   2              }
  84   1      }


MODULE INFORMATION:   STATIC OVERLAYABLE
   CODE SIZE        =    162    ----
   CONSTANT SIZE    =   ----    ----
   XDATA SIZE       =   ----    ----
   PDATA SIZE       =   ----    ----
   DATA SIZE        =      5       1
   IDATA SIZE       =   ----    ----
   BIT SIZE         =   ----    ----
END OF MODULE INFORMATION.


C51 COMPILATION COMPLETE.  0 WARNING(S),  0 ERROR(S)
